#
# There is insufficient memory for the Java Runtime Environment to continue.
# Native memory allocation (malloc) failed to allocate 442896 bytes for Chunk::new
# Possible reasons:
#   The system is out of physical RAM or swap space
#   In 32 bit mode, the process size limit was hit
# Possible solutions:
#   Reduce memory load on the system
#   Increase physical memory or swap space
#   Check if swap backing store is full
#   Use 64 bit Java on a 64 bit OS
#   Decrease Java heap size (-Xmx/-Xms)
#   Decrease number of Java threads
#   Decrease Java thread stack sizes (-Xss)
#   Set larger code cache with -XX:ReservedCodeCacheSize=
# This output file may be truncated or incomplete.
#
#  Out of Memory Error (allocation.cpp:323), pid=1384, tid=5664
#
# JRE version: Java(TM) SE Runtime Environment (7.0_51-b13) (build 1.7.0_51-b13)
# Java VM: Java HotSpot(TM) 64-Bit Server VM (24.51-b03 mixed mode windows-amd64 compressed oops)
# Failed to write core dump. Minidumps are not enabled by default on client versions of Windows
#

---------------  T H R E A D  ---------------

Current thread (0x0000000008728800):  JavaThread "C2 CompilerThread1" daemon [_thread_in_native, id=5664, stack(0x0000000009de0000,0x0000000009ee0000)]

Stack: [0x0000000009de0000,0x0000000009ee0000]

Current CompileTask:
C2:  11153  460   !         com.android.dx.cf.code.BytecodeArray::parseInstruction (2764 bytes)


---------------  P R O C E S S  ---------------

Java Threads: ( => current thread )
  0x000000000872b800 JavaThread "Service Thread" daemon [_thread_blocked, id=1228, stack(0x0000000009ee0000,0x0000000009fe0000)]
=>0x0000000008728800 JavaThread "C2 CompilerThread1" daemon [_thread_in_native, id=5664, stack(0x0000000009de0000,0x0000000009ee0000)]
  0x0000000008727000 JavaThread "C2 CompilerThread0" daemon [_thread_in_native, id=7016, stack(0x0000000009ce0000,0x0000000009de0000)]
  0x0000000008726000 JavaThread "Attach Listener" daemon [_thread_blocked, id=4908, stack(0x0000000009be0000,0x0000000009ce0000)]
  0x0000000008723000 JavaThread "Signal Dispatcher" daemon [_thread_blocked, id=5472, stack(0x0000000009ae0000,0x0000000009be0000)]
  0x0000000008709000 JavaThread "Finalizer" daemon [_thread_blocked, id=6240, stack(0x00000000099e0000,0x0000000009ae0000)]
  0x0000000008703800 JavaThread "Reference Handler" daemon [_thread_blocked, id=6700, stack(0x00000000098e0000,0x00000000099e0000)]
  0x00000000027b0800 JavaThread "main" [_thread_in_Java, id=6812, stack(0x00000000026b0000,0x00000000027b0000)]

Other Threads:
  0x0000000008700800 VMThread [stack: 0x00000000097e0000,0x00000000098e0000] [id=6832]
  0x0000000008765800 WatcherThread [stack: 0x0000000009fe0000,0x000000000a0e0000] [id=4372]

VM state:not at safepoint (normal execution)

VM Mutex/Monitor currently owned by a thread:  ([mutex/lock_event])
[0x00000000026ab5b0] CodeCache_lock - owner thread: 0x0000000000000000

Heap
 PSYoungGen      total 35328K, used 9047K [0x00000000eaa80000, 0x00000000eef80000, 0x0000000100000000)
  eden space 32768K, 19% used [0x00000000eaa80000,0x00000000eb0db360,0x00000000eca80000)
  from space 2560K, 99% used [0x00000000ecd00000,0x00000000ecf7ac88,0x00000000ecf80000)
  to   space 2560K, 0% used [0x00000000eca80000,0x00000000eca80000,0x00000000ecd00000)
 ParOldGen       total 41984K, used 14224K [0x00000000c0000000, 0x00000000c2900000, 0x00000000eaa80000)
  object space 41984K, 33% used [0x00000000c0000000,0x00000000c0de4090,0x00000000c2900000)
 PSPermGen       total 21504K, used 5541K [0x00000000bae00000, 0x00000000bc300000, 0x00000000c0000000)
  object space 21504K, 25% used [0x00000000bae00000,0x00000000bb369608,0x00000000bc300000)

Card table byte_map: [0x0000000005970000,0x0000000005ba0000] byte_map_base: 0x0000000005399000

Polling page: 0x0000000000e90000

Code Cache  [0x00000000028b0000, 0x0000000002b20000, 0x00000000058b0000)
 total_blobs=688 nmethods=455 adapters=186 free_code_cache=47312Kb largest_free_block=48402048

Compilation events (10 events):
Event: 11.061 Thread 0x0000000008727000 nmethod 462 0x0000000002a74290 code [0x0000000002a743c0, 0x0000000002a74418]
Event: 11.074 Thread 0x0000000008727000  463             com.android.dx.ssa.back.FirstFitLocalCombiningAllocator::findNextUnreservedRopReg (68 bytes)
Event: 11.081 Thread 0x0000000008727000 nmethod 463 0x0000000002a73990 code [0x0000000002a73b00, 0x0000000002a73e68]
Event: 11.091 Thread 0x0000000008727000  464             com.android.dx.cf.code.OneLocalsArray::<init> (22 bytes)
Event: 11.092 Thread 0x0000000008727000 nmethod 464 0x0000000002a73690 code [0x0000000002a737e0, 0x0000000002a738f8]
Event: 11.092 Thread 0x0000000008727000  465             com.android.dx.cf.code.LocalsArray::<init> (6 bytes)
Event: 11.093 Thread 0x0000000008727000 nmethod 465 0x0000000002a73490 code [0x0000000002a735c0, 0x0000000002a73618]
Event: 11.093 Thread 0x0000000008727000  466             com.android.dx.rop.code.RegisterSpecList::withFirst (64 bytes)
Event: 11.100 Thread 0x0000000008727000 nmethod 466 0x0000000002a709d0 code [0x0000000002a70b20, 0x0000000002a70e18]
Event: 11.100 Thread 0x0000000008727000  467   !         com.android.dx.cf.code.Ropper::doit (126 bytes)

GC Heap History (8 events):
Event: 2.197 GC heap before
{Heap before GC invocations=1 (full 0):
 PSYoungGen      total 18944K, used 16384K [0x00000000eaa80000, 0x00000000ebf80000, 0x0000000100000000)
  eden space 16384K, 100% used [0x00000000eaa80000,0x00000000eba80000,0x00000000eba80000)
  from space 2560K, 0% used [0x00000000ebd00000,0x00000000ebd00000,0x00000000ebf80000)
  to   space 2560K, 0% used [0x00000000eba80000,0x00000000eba80000,0x00000000ebd00000)
 ParOldGen       total 41984K, used 0K [0x00000000c0000000, 0x00000000c2900000, 0x00000000eaa80000)
  object space 41984K, 0% used [0x00000000c0000000,0x00000000c0000000,0x00000000c2900000)
 PSPermGen       total 21504K, used 5245K [0x00000000bae00000, 0x00000000bc300000, 0x00000000c0000000)
  object space 21504K, 24% used [0x00000000bae00000,0x00000000bb31f4c0,0x00000000bc300000)
Event: 2.300 GC heap after
Heap after GC invocations=1 (full 0):
 PSYoungGen      total 18944K, used 2539K [0x00000000eaa80000, 0x00000000ecf80000, 0x0000000100000000)
  eden space 16384K, 0% used [0x00000000eaa80000,0x00000000eaa80000,0x00000000eba80000)
  from space 2560K, 99% used [0x00000000eba80000,0x00000000ebcfaee8,0x00000000ebd00000)
  to   space 2560K, 0% used [0x00000000ecd00000,0x00000000ecd00000,0x00000000ecf80000)
 ParOldGen       total 41984K, used 1778K [0x00000000c0000000, 0x00000000c2900000, 0x00000000eaa80000)
  object space 41984K, 4% used [0x00000000c0000000,0x00000000c01bc9d8,0x00000000c2900000)
 PSPermGen       total 21504K, used 5245K [0x00000000bae00000, 0x00000000bc300000, 0x00000000c0000000)
  object space 21504K, 24% used [0x00000000bae00000,0x00000000bb31f4c0,0x00000000bc300000)
}
Event: 5.075 GC heap before
{Heap before GC invocations=2 (full 0):
 PSYoungGen      total 18944K, used 18923K [0x00000000eaa80000, 0x00000000ecf80000, 0x0000000100000000)
  eden space 16384K, 100% used [0x00000000eaa80000,0x00000000eba80000,0x00000000eba80000)
  from space 2560K, 99% used [0x00000000eba80000,0x00000000ebcfaee8,0x00000000ebd00000)
  to   space 2560K, 0% used [0x00000000ecd00000,0x00000000ecd00000,0x00000000ecf80000)
 ParOldGen       total 41984K, used 1778K [0x00000000c0000000, 0x00000000c2900000, 0x00000000eaa80000)
  object space 41984K, 4% used [0x00000000c0000000,0x00000000c01bc9d8,0x00000000c2900000)
 PSPermGen       total 21504K, used 5447K [0x00000000bae00000, 0x00000000bc300000, 0x00000000c0000000)
  object space 21504K, 25% used [0x00000000bae00000,0x00000000bb351eb0,0x00000000bc300000)
Event: 5.160 GC heap after
Heap after GC invocations=2 (full 0):
 PSYoungGen      total 35328K, used 2543K [0x00000000eaa80000, 0x00000000ecf80000, 0x0000000100000000)
  eden space 32768K, 0% used [0x00000000eaa80000,0x00000000eaa80000,0x00000000eca80000)
  from space 2560K, 99% used [0x00000000ecd00000,0x00000000ecf7bd10,0x00000000ecf80000)
  to   space 2560K, 0% used [0x00000000eca80000,0x00000000eca80000,0x00000000ecd00000)
 ParOldGen       total 41984K, used 3805K [0x00000000c0000000, 0x00000000c2900000, 0x00000000eaa80000)
  object space 41984K, 9% used [0x00000000c0000000,0x00000000c03b77f8,0x00000000c2900000)
 PSPermGen       total 21504K, used 5447K [0x00000000bae00000, 0x00000000bc300000, 0x00000000c0000000)
  object space 21504K, 25% used [0x00000000bae00000,0x00000000bb351eb0,0x00000000bc300000)
}
Event: 8.860 GC heap before
{Heap before GC invocations=3 (full 0):
 PSYoungGen      total 35328K, used 35311K [0x00000000eaa80000, 0x00000000ecf80000, 0x0000000100000000)
  eden space 32768K, 100% used [0x00000000eaa80000,0x00000000eca80000,0x00000000eca80000)
  from space 2560K, 99% used [0x00000000ecd00000,0x00000000ecf7bd10,0x00000000ecf80000)
  to   space 2560K, 0% used [0x00000000eca80000,0x00000000eca80000,0x00000000ecd00000)
 ParOldGen       total 41984K, used 3805K [0x00000000c0000000, 0x00000000c2900000, 0x00000000eaa80000)
  object space 41984K, 9% used [0x00000000c0000000,0x00000000c03b77f8,0x00000000c2900000)
 PSPermGen       total 21504K, used 5508K [0x00000000bae00000, 0x00000000bc300000, 0x00000000c0000000)
  object space 21504K, 25% used [0x00000000bae00000,0x00000000bb361030,0x00000000bc300000)
Event: 8.884 GC heap after
Heap after GC invocations=3 (full 0):
 PSYoungGen      total 35328K, used 2541K [0x00000000eaa80000, 0x00000000ecf80000, 0x0000000100000000)
  eden space 32768K, 0% used [0x00000000eaa80000,0x00000000eaa80000,0x00000000eca80000)
  from space 2560K, 99% used [0x00000000eca80000,0x00000000eccfb7f8,0x00000000ecd00000)
  to   space 2560K, 0% used [0x00000000ecd00000,0x00000000ecd00000,0x00000000ecf80000)
 ParOldGen       total 41984K, used 8412K [0x00000000c0000000, 0x00000000c2900000, 0x00000000eaa80000)
  object space 41984K, 20% used [0x00000000c0000000,0x00000000c08372a0,0x00000000c2900000)
 PSPermGen       total 21504K, used 5508K [0x00000000bae00000, 0x00000000bc300000, 0x00000000c0000000)
  object space 21504K, 25% used [0x00000000bae00000,0x00000000bb361030,0x00000000bc300000)
}
Event: 10.836 GC heap before
{Heap before GC invocations=4 (full 0):
 PSYoungGen      total 35328K, used 35309K [0x00000000eaa80000, 0x00000000ecf80000, 0x0000000100000000)
  eden space 32768K, 100% used [0x00000000eaa80000,0x00000000eca80000,0x00000000eca80000)
  from space 2560K, 99% used [0x00000000eca80000,0x00000000eccfb7f8,0x00000000ecd00000)
  to   space 2560K, 0% used [0x00000000ecd00000,0x00000000ecd00000,0x00000000ecf80000)
 ParOldGen       total 41984K, used 8412K [0x00000000c0000000, 0x00000000c2900000, 0x00000000eaa80000)
  object space 41984K, 20% used [0x00000000c0000000,0x00000000c08372a0,0x00000000c2900000)
 PSPermGen       total 21504K, used 5536K [0x00000000bae00000, 0x00000000bc300000, 0x00000000c0000000)
  object space 21504K, 25% used [0x00000000bae00000,0x00000000bb368138,0x00000000bc300000)
Event: 10.950 GC heap after
Heap after GC invocations=4 (full 0):
 PSYoungGen      total 35328K, used 2539K [0x00000000eaa80000, 0x00000000eef80000, 0x0000000100000000)
  eden space 32768K, 0% used [0x00000000eaa80000,0x00000000eaa80000,0x00000000eca80000)
  from space 2560K, 99% used [0x00000000ecd00000,0x00000000ecf7ac88,0x00000000ecf80000)
  to   space 2560K, 0% used [0x00000000eca80000,0x00000000eca80000,0x00000000ecd00000)
 ParOldGen       total 41984K, used 14224K [0x00000000c0000000, 0x00000000c2900000, 0x00000000eaa80000)
  object space 41984K, 33% used [0x00000000c0000000,0x00000000c0de4090,0x00000000c2900000)
 PSPermGen       total 21504K, used 5536K [0x00000000bae00000, 0x00000000bc300000, 0x00000000c0000000)
  object space 21504K, 25% used [0x00000000bae00000,0x00000000bb368138,0x00000000bc300000)
}

Deoptimization events (10 events):
Event: 7.612 Thread 0x00000000027b0800 Uncommon trap: reason=null_check action=make_not_entrant pc=0x00000000029e401c method=com.android.dx.ssa.SsaRenamer.getLocalForNewReg(I)Lcom/android/dx/rop/code/LocalItem; @ 19
Event: 8.655 Thread 0x00000000027b0800 Uncommon trap: reason=bimorphic action=maybe_recompile pc=0x0000000002a1ccc4 method=com.android.dx.cf.code.BytecodeArray.parseInstruction(ILcom/android/dx/cf/code/BytecodeArray$Visitor;)I @ 1501
Event: 8.656 Thread 0x00000000027b0800 Uncommon trap: reason=bimorphic action=maybe_recompile pc=0x0000000002a1ccc4 method=com.android.dx.cf.code.BytecodeArray.parseInstruction(ILcom/android/dx/cf/code/BytecodeArray$Visitor;)I @ 1501
Event: 9.831 Thread 0x00000000027b0800 Uncommon trap: reason=null_check action=make_not_entrant pc=0x0000000002a6c4f8 method=com.android.dx.dex.file.MethodIdsSection.intern(Lcom/android/dx/rop/cst/CstBaseMethodRef;)Lcom/android/dx/dex/file/MethodIdItem; @ 26
Event: 10.435 Thread 0x00000000027b0800 Uncommon trap: reason=unreached action=reinterpret pc=0x00000000029c0650 method=com.android.dx.cf.code.BaseMachine.getLocalTarget(Z)Lcom/android/dx/rop/code/RegisterSpec; @ 131
Event: 10.436 Thread 0x00000000027b0800 Uncommon trap: reason=unreached action=reinterpret pc=0x00000000029fd5d0 method=com.android.dx.cf.code.BaseMachine.getLocalTarget(Z)Lcom/android/dx/rop/code/RegisterSpec; @ 131
Event: 10.534 Thread 0x00000000027b0800 Uncommon trap: reason=class_check action=maybe_recompile pc=0x00000000029c9f08 method=com.android.dx.cf.code.BytecodeArray.parseInstruction(ILcom/android/dx/cf/code/BytecodeArray$Visitor;)I @ 1672
Event: 10.576 Thread 0x00000000027b0800 Uncommon trap: reason=class_check action=maybe_recompile pc=0x00000000029c9f08 method=com.android.dx.cf.code.BytecodeArray.parseInstruction(ILcom/android/dx/cf/code/BytecodeArray$Visitor;)I @ 1672
Event: 10.595 Thread 0x00000000027b0800 Uncommon trap: reason=class_check action=maybe_recompile pc=0x00000000029c9f08 method=com.android.dx.cf.code.BytecodeArray.parseInstruction(ILcom/android/dx/cf/code/BytecodeArray$Visitor;)I @ 1672
Event: 10.833 Thread 0x00000000027b0800 Uncommon trap: reason=bimorphic action=maybe_recompile pc=0x0000000002a78ec8 method=com.android.dx.cf.code.RopperMachine.run(Lcom/android/dx/cf/code/Frame;II)V @ 310

Internal exceptions (4 events):
Event: 0.049 Thread 0x00000000027b0800 Threw 0x00000000eaa907c8 at C:\re\jdk7u51\527\hotspot\src\share\vm\prims\jni.cpp:3991
Event: 4.825 Thread 0x00000000027b0800 Implicit null exception at 0x0000000002957cd2 to 0x0000000002957dd1
Event: 7.612 Thread 0x00000000027b0800 Implicit null exception at 0x00000000029e290e to 0x00000000029e3fed
Event: 9.831 Thread 0x00000000027b0800 Implicit null exception at 0x0000000002a6bafc to 0x0000000002a6c4e9

Events (10 events):
Event: 10.594 Thread 0x00000000027b0800 Uncommon trap: trap_request=0xffffffde fr.pc=0x00000000029c9f08
Event: 10.595 Thread 0x00000000027b0800 DEOPT PACKING pc=0x00000000029c9f08 sp=0x00000000027ae820
Event: 10.595 Thread 0x00000000027b0800 DEOPT UNPACKING pc=0x00000000028e9064 sp=0x00000000027ae798 mode 2
Event: 10.625 loading class 0x000000000a0ec7d0
Event: 10.625 loading class 0x000000000a0ec7d0 done
Event: 10.833 Thread 0x00000000027b0800 Uncommon trap: trap_request=0xffffffc6 fr.pc=0x0000000002a78ec8
Event: 10.833 Thread 0x00000000027b0800 DEOPT PACKING pc=0x0000000002a78ec8 sp=0x00000000027ae6d0
Event: 10.833 Thread 0x00000000027b0800 DEOPT UNPACKING pc=0x00000000028e9064 sp=0x00000000027ae670 mode 2
Event: 10.836 Executing VM operation: ParallelGCFailedAllocation
Event: 10.950 Executing VM operation: ParallelGCFailedAllocation done


Dynamic libraries:
0x00007ff60f3c0000 - 0x00007ff60f3f3000 	C:\PROGRA~1\Java\JDK17~1.0_5\bin\java.exe
0x00007ff878b30000 - 0x00007ff878cd9000 	C:\Windows\SYSTEM32\ntdll.dll
0x00007ff8789f0000 - 0x00007ff878b2a000 	C:\Windows\system32\KERNEL32.DLL
0x00007ff876260000 - 0x00007ff87636f000 	C:\Windows\system32\KERNELBASE.dll
0x00007ff874a10000 - 0x00007ff874a9b000 	C:\Windows\system32\apphelp.dll
0x00007ff864690000 - 0x00007ff8646df000 	C:\Windows\AppPatch\AppPatch64\AcGenral.DLL
0x00007ff8769d0000 - 0x00007ff876a77000 	C:\Windows\system32\msvcrt.dll
0x00007ff875cf0000 - 0x00007ff875d1b000 	C:\Windows\SYSTEM32\SspiCli.dll
0x00007ff876cd0000 - 0x00007ff876d21000 	C:\Windows\system32\SHLWAPI.dll
0x00007ff876b30000 - 0x00007ff876ca1000 	C:\Windows\system32\USER32.dll
0x00007ff876d70000 - 0x00007ff876ee5000 	C:\Windows\system32\ole32.dll
0x00007ff877440000 - 0x00007ff87884e000 	C:\Windows\system32\SHELL32.dll
0x00007ff8754c0000 - 0x00007ff8754df000 	C:\Windows\SYSTEM32\USERENV.dll
0x00007ff876530000 - 0x00007ff8765d5000 	C:\Windows\system32\ADVAPI32.dll
0x00007ff86be20000 - 0x00007ff86be3b000 	C:\Windows\SYSTEM32\MPR.dll
0x00007ff877050000 - 0x00007ff877186000 	C:\Windows\system32\RPCRT4.dll
0x00007ff8765e0000 - 0x00007ff876637000 	C:\Windows\SYSTEM32\sechost.dll
0x00007ff877260000 - 0x00007ff877437000 	C:\Windows\SYSTEM32\combase.dll
0x00007ff876f00000 - 0x00007ff877045000 	C:\Windows\system32\GDI32.dll
0x00007ff875eb0000 - 0x00007ff875ec4000 	C:\Windows\SYSTEM32\profapi.dll
0x00007ff874aa0000 - 0x00007ff874b41000 	C:\Windows\SYSTEM32\SHCORE.dll
0x00007ff876d30000 - 0x00007ff876d64000 	C:\Windows\system32\IMM32.DLL
0x00007ff876890000 - 0x00007ff8769c8000 	C:\Windows\system32\MSCTF.dll
0x00007ff873ba0000 - 0x00007ff873dfa000 	C:\Windows\WinSxS\amd64_microsoft.windows.common-controls_6595b64144ccf1df_6.0.9600.16384_none_62475f7becb72503\COMCTL32.dll
0x000000005a890000 - 0x000000005a962000 	C:\PROGRA~1\Java\JDK17~1.0_5\jre\bin\msvcr100.dll
0x000000005ad20000 - 0x000000005b4e9000 	C:\PROGRA~1\Java\JDK17~1.0_5\jre\bin\server\jvm.dll
0x00007ff871490000 - 0x00007ff871499000 	C:\Windows\SYSTEM32\WSOCK32.dll
0x00007ff873790000 - 0x00007ff8737af000 	C:\Windows\SYSTEM32\WINMM.dll
0x00007ff8766a0000 - 0x00007ff8766a7000 	C:\Windows\system32\PSAPI.DLL
0x00007ff8764d0000 - 0x00007ff876528000 	C:\Windows\system32\WS2_32.dll
0x00007ff873750000 - 0x00007ff87377a000 	C:\Windows\SYSTEM32\WINMMBASE.dll
0x00007ff876ef0000 - 0x00007ff876ef9000 	C:\Windows\system32\NSI.dll
0x00007ff876370000 - 0x00007ff8763ba000 	C:\Windows\SYSTEM32\cfgmgr32.dll
0x00007ff874d30000 - 0x00007ff874d56000 	C:\Windows\SYSTEM32\DEVOBJ.dll
0x000000005ad10000 - 0x000000005ad1f000 	C:\PROGRA~1\Java\JDK17~1.0_5\jre\bin\verify.dll
0x000000005ace0000 - 0x000000005ad08000 	C:\PROGRA~1\Java\JDK17~1.0_5\jre\bin\java.dll
0x000000005acc0000 - 0x000000005acd5000 	C:\PROGRA~1\Java\JDK17~1.0_5\jre\bin\zip.dll
0x000000005aca0000 - 0x000000005acb9000 	C:\Program Files\Java\jdk1.7.0_51\jre\bin\net.dll
0x00007ff875770000 - 0x00007ff8757c8000 	C:\Windows\system32\mswsock.dll
0x000000005ac80000 - 0x000000005ac91000 	C:\Program Files\Java\jdk1.7.0_51\jre\bin\nio.dll

VM Arguments:
jvm_args: -Xmx1024M -Xss1m -Djava.ext.dirs=C:\Users\reyhane\AppData\Local\Android\sdk\build-tools\21.1.2\lib 
java_command: C:\Users\reyhane\AppData\Local\Android\sdk\build-tools\21.1.2\lib\dx.jar --dex --output C:\Users\reyhane\AndroidStudioProjects\MyFirst\app\build\intermediates\pre-dexed\debug\classes-fc114287867b2d36cadb50e5438b9bfdae407f28.jar C:\Users\reyhane\AndroidStudioProjects\MyFirst\app\build\intermediates\exploded-aar\com.android.support\support-v4\21.0.3\classes.jar
Launcher Type: SUN_STANDARD

Environment Variables:
JAVA_HOME=C:\Program Files\Java\jdk1.7.0_51
PATH=C:\Windows\system32;C:\Windows;C:\Windows\System32\Wbem;C:\Windows\System32\WindowsPowerShell\v1.0\;C:\Program Files\Java\jdk1.7.0_51\bin
USERNAME=reyhane
OS=Windows_NT
PROCESSOR_IDENTIFIER=Intel64 Family 6 Model 37 Stepping 2, GenuineIntel



---------------  S Y S T E M  ---------------

OS: Windows 8 , 64 bit Build 9200 

CPU:total 4 (2 cores per cpu, 2 threads per core) family 6 model 37 stepping 2, cmov, cx8, fxsr, mmx, sse, sse2, sse3, ssse3, sse4.1, sse4.2, popcnt, aes, ht, tsc, tscinvbit

Memory: 4k page, physical 4053900k(791924k free), swap 4658300k(6256k free)

vm_info: Java HotSpot(TM) 64-Bit Server VM (24.51-b03) for windows-amd64 JRE (1.7.0_51-b13), built on Dec 18 2013 18:40:56 by "java_re" with unknown MS VC++:1600

time: Sun Feb 08 15:26:06 2015
elapsed time: 11 seconds

