#
# There is insufficient memory for the Java Runtime Environment to continue.
# Native memory allocation (malloc) failed to allocate 121872 bytes for Chunk::new
# Possible reasons:
#   The system is out of physical RAM or swap space
#   In 32 bit mode, the process size limit was hit
# Possible solutions:
#   Reduce memory load on the system
#   Increase physical memory or swap space
#   Check if swap backing store is full
#   Use 64 bit Java on a 64 bit OS
#   Decrease Java heap size (-Xmx/-Xms)
#   Decrease number of Java threads
#   Decrease Java thread stack sizes (-Xss)
#   Set larger code cache with -XX:ReservedCodeCacheSize=
# This output file may be truncated or incomplete.
#
#  Out of Memory Error (allocation.cpp:323), pid=5436, tid=7452
#
# JRE version: Java(TM) SE Runtime Environment (7.0_51-b13) (build 1.7.0_51-b13)
# Java VM: Java HotSpot(TM) 64-Bit Server VM (24.51-b03 mixed mode windows-amd64 compressed oops)
# Failed to write core dump. Minidumps are not enabled by default on client versions of Windows
#

---------------  T H R E A D  ---------------

Current thread (0x0000000008173000):  JavaThread "C2 CompilerThread1" daemon [_thread_in_native, id=7452, stack(0x0000000009830000,0x0000000009930000)]

Stack: [0x0000000009830000,0x0000000009930000]

Current CompileTask:
C2:   1282   77             com.android.dx.ssa.back.LivenessAnalyzer::handleTailRecursion (94 bytes)


---------------  P R O C E S S  ---------------

Java Threads: ( => current thread )
  0x00000000081a7800 JavaThread "Service Thread" daemon [_thread_blocked, id=5460, stack(0x0000000009930000,0x0000000009a30000)]
=>0x0000000008173000 JavaThread "C2 CompilerThread1" daemon [_thread_in_native, id=7452, stack(0x0000000009830000,0x0000000009930000)]
  0x0000000008171000 JavaThread "C2 CompilerThread0" daemon [_thread_blocked, id=7480, stack(0x0000000009730000,0x0000000009830000)]
  0x0000000008170000 JavaThread "Attach Listener" daemon [_thread_blocked, id=4816, stack(0x0000000009630000,0x0000000009730000)]
  0x000000000819a800 JavaThread "Signal Dispatcher" daemon [_thread_blocked, id=6924, stack(0x0000000009530000,0x0000000009630000)]
  0x000000000815f000 JavaThread "Finalizer" daemon [_thread_blocked, id=4140, stack(0x0000000009410000,0x0000000009510000)]
  0x0000000008153800 JavaThread "Reference Handler" daemon [_thread_blocked, id=4936, stack(0x0000000009310000,0x0000000009410000)]
  0x0000000002200800 JavaThread "main" [_thread_in_Java, id=6780, stack(0x0000000002100000,0x0000000002200000)]

Other Threads:
  0x0000000008150800 VMThread [stack: 0x0000000009210000,0x0000000009310000] [id=4240]
  0x00000000081b5800 WatcherThread [stack: 0x0000000009a30000,0x0000000009b30000] [id=4420]

VM state:not at safepoint (normal execution)

VM Mutex/Monitor currently owned by a thread: None

Heap
 PSYoungGen      total 18944K, used 10840K [0x00000000eaa80000, 0x00000000ebf80000, 0x0000000100000000)
  eden space 16384K, 66% used [0x00000000eaa80000,0x00000000eb516370,0x00000000eba80000)
  from space 2560K, 0% used [0x00000000ebd00000,0x00000000ebd00000,0x00000000ebf80000)
  to   space 2560K, 0% used [0x00000000eba80000,0x00000000eba80000,0x00000000ebd00000)
 ParOldGen       total 41984K, used 0K [0x00000000c0000000, 0x00000000c2900000, 0x00000000eaa80000)
  object space 41984K, 0% used [0x00000000c0000000,0x00000000c0000000,0x00000000c2900000)
 PSPermGen       total 21504K, used 5178K [0x00000000bae00000, 0x00000000bc300000, 0x00000000c0000000)
  object space 21504K, 24% used [0x00000000bae00000,0x00000000bb30e800,0x00000000bc300000)

Card table byte_map: [0x00000000053c0000,0x00000000055f0000] byte_map_base: 0x0000000004de9000

Polling page: 0x0000000002070000

Code Cache  [0x0000000002300000, 0x0000000002570000, 0x0000000005300000)
 total_blobs=323 nmethods=90 adapters=186 free_code_cache=48626Kb largest_free_block=49769280

Compilation events (10 events):
Event: 1.148 Thread 0x0000000008173000 nmethod 73 0x00000000023809d0 code [0x0000000002380b00, 0x0000000002380bb8]
Event: 1.152 Thread 0x0000000008171000   74             com.android.dx.ssa.SsaMethod::deleteInsns (239 bytes)
Event: 1.177 Thread 0x0000000008171000 nmethod 74 0x0000000002384690 code [0x00000000023848c0, 0x00000000023853b0]
Event: 1.180 Thread 0x0000000008173000   75             com.android.dx.ssa.NormalSsaInsn::getOpcode (8 bytes)
Event: 1.181 Thread 0x0000000008173000 nmethod 75 0x0000000002380710 code [0x0000000002380840, 0x00000000023808b8]
Event: 1.185 Thread 0x0000000008171000   76             java.util.BitSet::expandTo (23 bytes)
Event: 1.187 Thread 0x0000000008171000 nmethod 76 0x000000000237f710 code [0x000000000237f860, 0x000000000237f928]
Event: 1.188 Thread 0x0000000008173000   77             com.android.dx.ssa.back.LivenessAnalyzer::handleTailRecursion (94 bytes)
Event: 1.192 Thread 0x0000000008171000   78             java.util.BitSet::set (58 bytes)
Event: 1.194 Thread 0x0000000008171000 nmethod 78 0x000000000237f2d0 code [0x000000000237f420, 0x000000000237f588]

GC Heap History (0 events):
No events

Deoptimization events (5 events):
Event: 1.011 Thread 0x0000000002200800 Uncommon trap: reason=bimorphic action=maybe_recompile pc=0x000000000237b728 method=com.android.dx.ssa.NormalSsaInsn.accept(Lcom/android/dx/ssa/SsaInsn$Visitor;)V @ 9
Event: 1.012 Thread 0x0000000002200800 Uncommon trap: reason=bimorphic action=maybe_recompile pc=0x000000000237b728 method=com.android.dx.ssa.NormalSsaInsn.accept(Lcom/android/dx/ssa/SsaInsn$Visitor;)V @ 9
Event: 1.013 Thread 0x0000000002200800 Uncommon trap: reason=bimorphic action=maybe_recompile pc=0x000000000237b728 method=com.android.dx.ssa.NormalSsaInsn.accept(Lcom/android/dx/ssa/SsaInsn$Visitor;)V @ 9
Event: 1.014 Thread 0x0000000002200800 Uncommon trap: reason=bimorphic action=maybe_recompile pc=0x000000000237b728 method=com.android.dx.ssa.NormalSsaInsn.accept(Lcom/android/dx/ssa/SsaInsn$Visitor;)V @ 9
Event: 1.139 Thread 0x0000000002200800 Uncommon trap: reason=null_check action=make_not_entrant pc=0x00000000023800cc method=com.android.dx.rop.code.LocalItem.equals(Ljava/lang/Object;)Z @ 1

Internal exceptions (2 events):
Event: 0.048 Thread 0x0000000002200800 Threw 0x00000000eaa907c8 at C:\re\jdk7u51\527\hotspot\src\share\vm\prims\jni.cpp:3991
Event: 1.139 Thread 0x0000000002200800 Implicit null exception at 0x000000000237fd6d to 0x00000000023800b9

Events (10 events):
Event: 1.014 Thread 0x0000000002200800 Uncommon trap: trap_request=0xffffffc6 fr.pc=0x000000000237b728
Event: 1.014 Thread 0x0000000002200800 DEOPT PACKING pc=0x000000000237b728 sp=0x00000000021fe9b0
Event: 1.014 Thread 0x0000000002200800 DEOPT UNPACKING pc=0x0000000002339064 sp=0x00000000021fe920 mode 2
Event: 1.019 loading class 0x0000000002280cc0
Event: 1.019 loading class 0x0000000002280cc0 done
Event: 1.019 loading class 0x0000000002280c90
Event: 1.019 loading class 0x0000000002280c90 done
Event: 1.139 Thread 0x0000000002200800 Uncommon trap: trap_request=0xfffffff4 fr.pc=0x00000000023800cc
Event: 1.139 Thread 0x0000000002200800 DEOPT PACKING pc=0x00000000023800cc sp=0x00000000021fe7d0
Event: 1.140 Thread 0x0000000002200800 DEOPT UNPACKING pc=0x0000000002339064 sp=0x00000000021fe720 mode 2


Dynamic libraries:
0x00007ff60f3c0000 - 0x00007ff60f3f3000 	C:\PROGRA~1\Java\JDK17~1.0_5\bin\java.exe
0x00007ff878b30000 - 0x00007ff878cd9000 	C:\Windows\SYSTEM32\ntdll.dll
0x00007ff8789f0000 - 0x00007ff878b2a000 	C:\Windows\system32\KERNEL32.DLL
0x00007ff876260000 - 0x00007ff87636f000 	C:\Windows\system32\KERNELBASE.dll
0x00007ff874a10000 - 0x00007ff874a9b000 	C:\Windows\system32\apphelp.dll
0x00007ff864690000 - 0x00007ff8646df000 	C:\Windows\AppPatch\AppPatch64\AcGenral.DLL
0x00007ff8769d0000 - 0x00007ff876a77000 	C:\Windows\system32\msvcrt.dll
0x00007ff875cf0000 - 0x00007ff875d1b000 	C:\Windows\SYSTEM32\SspiCli.dll
0x00007ff876cd0000 - 0x00007ff876d21000 	C:\Windows\system32\SHLWAPI.dll
0x00007ff876b30000 - 0x00007ff876ca1000 	C:\Windows\system32\USER32.dll
0x00007ff876d70000 - 0x00007ff876ee5000 	C:\Windows\system32\ole32.dll
0x00007ff877440000 - 0x00007ff87884e000 	C:\Windows\system32\SHELL32.dll
0x00007ff8754c0000 - 0x00007ff8754df000 	C:\Windows\SYSTEM32\USERENV.dll
0x00007ff876530000 - 0x00007ff8765d5000 	C:\Windows\system32\ADVAPI32.dll
0x00007ff86be20000 - 0x00007ff86be3b000 	C:\Windows\SYSTEM32\MPR.dll
0x00007ff877050000 - 0x00007ff877186000 	C:\Windows\system32\RPCRT4.dll
0x00007ff8765e0000 - 0x00007ff876637000 	C:\Windows\SYSTEM32\sechost.dll
0x00007ff877260000 - 0x00007ff877437000 	C:\Windows\SYSTEM32\combase.dll
0x00007ff876f00000 - 0x00007ff877045000 	C:\Windows\system32\GDI32.dll
0x00007ff875eb0000 - 0x00007ff875ec4000 	C:\Windows\SYSTEM32\profapi.dll
0x00007ff874aa0000 - 0x00007ff874b41000 	C:\Windows\SYSTEM32\SHCORE.dll
0x00007ff876d30000 - 0x00007ff876d64000 	C:\Windows\system32\IMM32.DLL
0x00007ff876890000 - 0x00007ff8769c8000 	C:\Windows\system32\MSCTF.dll
0x00007ff873ba0000 - 0x00007ff873dfa000 	C:\Windows\WinSxS\amd64_microsoft.windows.common-controls_6595b64144ccf1df_6.0.9600.16384_none_62475f7becb72503\COMCTL32.dll
0x000000005a890000 - 0x000000005a962000 	C:\PROGRA~1\Java\JDK17~1.0_5\jre\bin\msvcr100.dll
0x000000005ad20000 - 0x000000005b4e9000 	C:\PROGRA~1\Java\JDK17~1.0_5\jre\bin\server\jvm.dll
0x00007ff871490000 - 0x00007ff871499000 	C:\Windows\SYSTEM32\WSOCK32.dll
0x00007ff873790000 - 0x00007ff8737af000 	C:\Windows\SYSTEM32\WINMM.dll
0x00007ff8766a0000 - 0x00007ff8766a7000 	C:\Windows\system32\PSAPI.DLL
0x00007ff8764d0000 - 0x00007ff876528000 	C:\Windows\system32\WS2_32.dll
0x00007ff873750000 - 0x00007ff87377a000 	C:\Windows\SYSTEM32\WINMMBASE.dll
0x00007ff876ef0000 - 0x00007ff876ef9000 	C:\Windows\system32\NSI.dll
0x00007ff876370000 - 0x00007ff8763ba000 	C:\Windows\SYSTEM32\cfgmgr32.dll
0x00007ff874d30000 - 0x00007ff874d56000 	C:\Windows\SYSTEM32\DEVOBJ.dll
0x000000005ad10000 - 0x000000005ad1f000 	C:\PROGRA~1\Java\JDK17~1.0_5\jre\bin\verify.dll
0x000000005ace0000 - 0x000000005ad08000 	C:\PROGRA~1\Java\JDK17~1.0_5\jre\bin\java.dll
0x000000005acc0000 - 0x000000005acd5000 	C:\PROGRA~1\Java\JDK17~1.0_5\jre\bin\zip.dll
0x000000005aca0000 - 0x000000005acb9000 	C:\Program Files\Java\jdk1.7.0_51\jre\bin\net.dll
0x00007ff875770000 - 0x00007ff8757c8000 	C:\Windows\system32\mswsock.dll
0x000000005ac80000 - 0x000000005ac91000 	C:\Program Files\Java\jdk1.7.0_51\jre\bin\nio.dll

VM Arguments:
jvm_args: -Xmx1024M -Xss1m -Djava.ext.dirs=C:\Users\reyhane\AppData\Local\Android\sdk\build-tools\21.1.2\lib 
java_command: C:\Users\reyhane\AppData\Local\Android\sdk\build-tools\21.1.2\lib\dx.jar --dex --output C:\Users\reyhane\AndroidStudioProjects\MyFirst\app\build\intermediates\pre-dexed\debug\classes-07cede211025e60e17c4993fb328db9031786372.jar C:\Users\reyhane\AndroidStudioProjects\MyFirst\app\build\intermediates\exploded-aar\com.android.support\appcompat-v7\21.0.3\classes.jar
Launcher Type: SUN_STANDARD

Environment Variables:
JAVA_HOME=C:\Program Files\Java\jdk1.7.0_51
PATH=C:\Windows\system32;C:\Windows;C:\Windows\System32\Wbem;C:\Windows\System32\WindowsPowerShell\v1.0\;C:\Program Files\Java\jdk1.7.0_51\bin
USERNAME=reyhane
OS=Windows_NT
PROCESSOR_IDENTIFIER=Intel64 Family 6 Model 37 Stepping 2, GenuineIntel



---------------  S Y S T E M  ---------------

OS: Windows 8 , 64 bit Build 9200 

CPU:total 4 (2 cores per cpu, 2 threads per core) family 6 model 37 stepping 2, cmov, cx8, fxsr, mmx, sse, sse2, sse3, ssse3, sse4.1, sse4.2, popcnt, aes, ht, tsc, tscinvbit

Memory: 4k page, physical 4053900k(1101620k free), swap 4658300k(462432k free)

vm_info: Java HotSpot(TM) 64-Bit Server VM (24.51-b03) for windows-amd64 JRE (1.7.0_51-b13), built on Dec 18 2013 18:40:56 by "java_re" with unknown MS VC++:1600

time: Sun Feb 08 17:31:24 2015
elapsed time: 1 seconds

