#
# There is insufficient memory for the Java Runtime Environment to continue.
# Native memory allocation (malloc) failed to allocate 743536 bytes for Chunk::new
# Possible reasons:
#   The system is out of physical RAM or swap space
#   In 32 bit mode, the process size limit was hit
# Possible solutions:
#   Reduce memory load on the system
#   Increase physical memory or swap space
#   Check if swap backing store is full
#   Use 64 bit Java on a 64 bit OS
#   Decrease Java heap size (-Xmx/-Xms)
#   Decrease number of Java threads
#   Decrease Java thread stack sizes (-Xss)
#   Set larger code cache with -XX:ReservedCodeCacheSize=
# This output file may be truncated or incomplete.
#
#  Out of Memory Error (allocation.cpp:323), pid=3560, tid=7536
#
# JRE version: Java(TM) SE Runtime Environment (7.0_51-b13) (build 1.7.0_51-b13)
# Java VM: Java HotSpot(TM) 64-Bit Server VM (24.51-b03 mixed mode windows-amd64 compressed oops)
# Failed to write core dump. Minidumps are not enabled by default on client versions of Windows
#

---------------  T H R E A D  ---------------

Current thread (0x0000000008bc6000):  JavaThread "C2 CompilerThread0" daemon [_thread_in_native, id=7536, stack(0x000000000a180000,0x000000000a280000)]

Stack: [0x000000000a180000,0x000000000a280000]

Current CompileTask:
C2:   6039  501   !         com.android.dx.cf.code.Ropper::processBlock (1101 bytes)


---------------  P R O C E S S  ---------------

Java Threads: ( => current thread )
  0x0000000008c00800 JavaThread "Service Thread" daemon [_thread_blocked, id=5700, stack(0x000000000a380000,0x000000000a480000)]
  0x0000000008bc7800 JavaThread "C2 CompilerThread1" daemon [_thread_in_native, id=7400, stack(0x000000000a280000,0x000000000a380000)]
=>0x0000000008bc6000 JavaThread "C2 CompilerThread0" daemon [_thread_in_native, id=7536, stack(0x000000000a180000,0x000000000a280000)]
  0x0000000008bc5000 JavaThread "Attach Listener" daemon [_thread_blocked, id=7748, stack(0x000000000a080000,0x000000000a180000)]
  0x0000000008bf0000 JavaThread "Signal Dispatcher" daemon [_thread_blocked, id=8016, stack(0x0000000009f80000,0x000000000a080000)]
  0x0000000008ba9000 JavaThread "Finalizer" daemon [_thread_blocked, id=7472, stack(0x0000000009e60000,0x0000000009f60000)]
  0x0000000008ba3800 JavaThread "Reference Handler" daemon [_thread_blocked, id=196, stack(0x0000000009d60000,0x0000000009e60000)]
  0x0000000002d10800 JavaThread "main" [_thread_in_Java, id=7036, stack(0x0000000002b30000,0x0000000002c30000)]

Other Threads:
  0x0000000008ba0800 VMThread [stack: 0x0000000009c60000,0x0000000009d60000] [id=7688]
  0x0000000008c0d000 WatcherThread [stack: 0x000000000a480000,0x000000000a580000] [id=5284]

VM state:not at safepoint (normal execution)

VM Mutex/Monitor currently owned by a thread: None

Heap
 PSYoungGen      total 35328K, used 5172K [0x00000000eaa80000, 0x00000000efe80000, 0x0000000100000000)
  eden space 32768K, 8% used [0x00000000eaa80000,0x00000000ead120b0,0x00000000eca80000)
  from space 2560K, 99% used [0x00000000eca80000,0x00000000eccfb010,0x00000000ecd00000)
  to   space 10240K, 0% used [0x00000000ef480000,0x00000000ef480000,0x00000000efe80000)
 ParOldGen       total 41984K, used 19551K [0x00000000c0000000, 0x00000000c2900000, 0x00000000eaa80000)
  object space 41984K, 46% used [0x00000000c0000000,0x00000000c1317cc8,0x00000000c2900000)
 PSPermGen       total 21504K, used 5565K [0x00000000bae00000, 0x00000000bc300000, 0x00000000c0000000)
  object space 21504K, 25% used [0x00000000bae00000,0x00000000bb36f608,0x00000000bc300000)

Card table byte_map: [0x0000000005e10000,0x0000000006040000] byte_map_base: 0x0000000005839000

Polling page: 0x0000000001240000

Code Cache  [0x0000000002e10000, 0x0000000003080000, 0x0000000005e10000)
 total_blobs=728 nmethods=495 adapters=186 free_code_cache=47172Kb largest_free_block=48241280

Compilation events (10 events):
Event: 5.778 Thread 0x0000000008bc7800 nmethod 503 0x0000000002fde5d0 code [0x0000000002fde720, 0x0000000002fde838]
Event: 5.837 Thread 0x0000000008bc7800  504             com.android.dx.cf.direct.DirectClassFile::getConstantPool (9 bytes)
Event: 5.838 Thread 0x0000000008bc7800 nmethod 504 0x0000000002fde350 code [0x0000000002fde4a0, 0x0000000002fde528]
Event: 5.838 Thread 0x0000000008bc7800  505             com.android.dx.rop.cst.CstType::getClassType (5 bytes)
Event: 5.839 Thread 0x0000000008bc7800 nmethod 505 0x0000000002fde150 code [0x0000000002fde280, 0x0000000002fde2d8]
Event: 5.840 Thread 0x0000000008bc7800  506             com.android.dx.cf.code.BaseMachine::auxCstArg (20 bytes)
Event: 5.841 Thread 0x0000000008bc7800 nmethod 506 0x0000000002fddf10 code [0x0000000002fde040, 0x0000000002fde0b8]
Event: 5.851 Thread 0x0000000008bc7800  507             com.android.dx.cf.code.BasicBlocker::visitConstant (39 bytes)
Event: 5.894 Thread 0x0000000008bc7800 nmethod 507 0x0000000002feefd0 code [0x0000000002fef1c0, 0x0000000002ff0138]
Event: 5.894 Thread 0x0000000008bc7800  508             com.android.dx.cf.code.Simulator$SimVisitor::visitConstant (332 bytes)

GC Heap History (10 events):
Event: 1.515 GC heap before
{Heap before GC invocations=1 (full 0):
 PSYoungGen      total 18944K, used 16384K [0x00000000eaa80000, 0x00000000ebf80000, 0x0000000100000000)
  eden space 16384K, 100% used [0x00000000eaa80000,0x00000000eba80000,0x00000000eba80000)
  from space 2560K, 0% used [0x00000000ebd00000,0x00000000ebd00000,0x00000000ebf80000)
  to   space 2560K, 0% used [0x00000000eba80000,0x00000000eba80000,0x00000000ebd00000)
 ParOldGen       total 41984K, used 0K [0x00000000c0000000, 0x00000000c2900000, 0x00000000eaa80000)
  object space 41984K, 0% used [0x00000000c0000000,0x00000000c0000000,0x00000000c2900000)
 PSPermGen       total 21504K, used 5278K [0x00000000bae00000, 0x00000000bc300000, 0x00000000c0000000)
  object space 21504K, 24% used [0x00000000bae00000,0x00000000bb3278e8,0x00000000bc300000)
Event: 1.544 GC heap after
Heap after GC invocations=1 (full 0):
 PSYoungGen      total 18944K, used 2540K [0x00000000eaa80000, 0x00000000ecf80000, 0x0000000100000000)
  eden space 16384K, 0% used [0x00000000eaa80000,0x00000000eaa80000,0x00000000eba80000)
  from space 2560K, 99% used [0x00000000eba80000,0x00000000ebcfb0e0,0x00000000ebd00000)
  to   space 2560K, 0% used [0x00000000ecd00000,0x00000000ecd00000,0x00000000ecf80000)
 ParOldGen       total 41984K, used 1535K [0x00000000c0000000, 0x00000000c2900000, 0x00000000eaa80000)
  object space 41984K, 3% used [0x00000000c0000000,0x00000000c017ff90,0x00000000c2900000)
 PSPermGen       total 21504K, used 5278K [0x00000000bae00000, 0x00000000bc300000, 0x00000000c0000000)
  object space 21504K, 24% used [0x00000000bae00000,0x00000000bb3278e8,0x00000000bc300000)
}
Event: 2.875 GC heap before
{Heap before GC invocations=2 (full 0):
 PSYoungGen      total 18944K, used 18924K [0x00000000eaa80000, 0x00000000ecf80000, 0x0000000100000000)
  eden space 16384K, 100% used [0x00000000eaa80000,0x00000000eba80000,0x00000000eba80000)
  from space 2560K, 99% used [0x00000000eba80000,0x00000000ebcfb0e0,0x00000000ebd00000)
  to   space 2560K, 0% used [0x00000000ecd00000,0x00000000ecd00000,0x00000000ecf80000)
 ParOldGen       total 41984K, used 1535K [0x00000000c0000000, 0x00000000c2900000, 0x00000000eaa80000)
  object space 41984K, 3% used [0x00000000c0000000,0x00000000c017ff90,0x00000000c2900000)
 PSPermGen       total 21504K, used 5454K [0x00000000bae00000, 0x00000000bc300000, 0x00000000c0000000)
  object space 21504K, 25% used [0x00000000bae00000,0x00000000bb353990,0x00000000bc300000)
Event: 2.892 GC heap after
Heap after GC invocations=2 (full 0):
 PSYoungGen      total 35328K, used 2528K [0x00000000eaa80000, 0x00000000ecf80000, 0x0000000100000000)
  eden space 32768K, 0% used [0x00000000eaa80000,0x00000000eaa80000,0x00000000eca80000)
  from space 2560K, 98% used [0x00000000ecd00000,0x00000000ecf78390,0x00000000ecf80000)
  to   space 2560K, 0% used [0x00000000eca80000,0x00000000eca80000,0x00000000ecd00000)
 ParOldGen       total 41984K, used 4016K [0x00000000c0000000, 0x00000000c2900000, 0x00000000eaa80000)
  object space 41984K, 9% used [0x00000000c0000000,0x00000000c03ec158,0x00000000c2900000)
 PSPermGen       total 21504K, used 5454K [0x00000000bae00000, 0x00000000bc300000, 0x00000000c0000000)
  object space 21504K, 25% used [0x00000000bae00000,0x00000000bb353990,0x00000000bc300000)
}
Event: 4.652 GC heap before
{Heap before GC invocations=3 (full 0):
 PSYoungGen      total 35328K, used 35296K [0x00000000eaa80000, 0x00000000ecf80000, 0x0000000100000000)
  eden space 32768K, 100% used [0x00000000eaa80000,0x00000000eca80000,0x00000000eca80000)
  from space 2560K, 98% used [0x00000000ecd00000,0x00000000ecf78390,0x00000000ecf80000)
  to   space 2560K, 0% used [0x00000000eca80000,0x00000000eca80000,0x00000000ecd00000)
 ParOldGen       total 41984K, used 4016K [0x00000000c0000000, 0x00000000c2900000, 0x00000000eaa80000)
  object space 41984K, 9% used [0x00000000c0000000,0x00000000c03ec158,0x00000000c2900000)
 PSPermGen       total 21504K, used 5514K [0x00000000bae00000, 0x00000000bc300000, 0x00000000c0000000)
  object space 21504K, 25% used [0x00000000bae00000,0x00000000bb3628f0,0x00000000bc300000)
Event: 4.686 GC heap after
Heap after GC invocations=3 (full 0):
 PSYoungGen      total 35328K, used 2549K [0x00000000eaa80000, 0x00000000ecf80000, 0x0000000100000000)
  eden space 32768K, 0% used [0x00000000eaa80000,0x00000000eaa80000,0x00000000eca80000)
  from space 2560K, 99% used [0x00000000eca80000,0x00000000eccfd468,0x00000000ecd00000)
  to   space 2560K, 0% used [0x00000000ecd00000,0x00000000ecd00000,0x00000000ecf80000)
 ParOldGen       total 41984K, used 8699K [0x00000000c0000000, 0x00000000c2900000, 0x00000000eaa80000)
  object space 41984K, 20% used [0x00000000c0000000,0x00000000c087ecf0,0x00000000c2900000)
 PSPermGen       total 21504K, used 5514K [0x00000000bae00000, 0x00000000bc300000, 0x00000000c0000000)
  object space 21504K, 25% used [0x00000000bae00000,0x00000000bb3628f0,0x00000000bc300000)
}
Event: 5.247 GC heap before
{Heap before GC invocations=4 (full 0):
 PSYoungGen      total 35328K, used 35317K [0x00000000eaa80000, 0x00000000ecf80000, 0x0000000100000000)
  eden space 32768K, 100% used [0x00000000eaa80000,0x00000000eca80000,0x00000000eca80000)
  from space 2560K, 99% used [0x00000000eca80000,0x00000000eccfd468,0x00000000ecd00000)
  to   space 2560K, 0% used [0x00000000ecd00000,0x00000000ecd00000,0x00000000ecf80000)
 ParOldGen       total 41984K, used 8699K [0x00000000c0000000, 0x00000000c2900000, 0x00000000eaa80000)
  object space 41984K, 20% used [0x00000000c0000000,0x00000000c087ecf0,0x00000000c2900000)
 PSPermGen       total 21504K, used 5540K [0x00000000bae00000, 0x00000000bc300000, 0x00000000c0000000)
  object space 21504K, 25% used [0x00000000bae00000,0x00000000bb369368,0x00000000bc300000)
Event: 5.272 GC heap after
Heap after GC invocations=4 (full 0):
 PSYoungGen      total 35328K, used 2544K [0x00000000eaa80000, 0x00000000eef80000, 0x0000000100000000)
  eden space 32768K, 0% used [0x00000000eaa80000,0x00000000eaa80000,0x00000000eca80000)
  from space 2560K, 99% used [0x00000000ecd00000,0x00000000ecf7c068,0x00000000ecf80000)
  to   space 2560K, 0% used [0x00000000eca80000,0x00000000eca80000,0x00000000ecd00000)
 ParOldGen       total 41984K, used 13882K [0x00000000c0000000, 0x00000000c2900000, 0x00000000eaa80000)
  object space 41984K, 33% used [0x00000000c0000000,0x00000000c0d8ea00,0x00000000c2900000)
 PSPermGen       total 21504K, used 5540K [0x00000000bae00000, 0x00000000bc300000, 0x00000000c0000000)
  object space 21504K, 25% used [0x00000000bae00000,0x00000000bb369368,0x00000000bc300000)
}
Event: 5.915 GC heap before
{Heap before GC invocations=5 (full 0):
 PSYoungGen      total 35328K, used 35312K [0x00000000eaa80000, 0x00000000eef80000, 0x0000000100000000)
  eden space 32768K, 100% used [0x00000000eaa80000,0x00000000eca80000,0x00000000eca80000)
  from space 2560K, 99% used [0x00000000ecd00000,0x00000000ecf7c068,0x00000000ecf80000)
  to   space 2560K, 0% used [0x00000000eca80000,0x00000000eca80000,0x00000000ecd00000)
 ParOldGen       total 41984K, used 13882K [0x00000000c0000000, 0x00000000c2900000, 0x00000000eaa80000)
  object space 41984K, 33% used [0x00000000c0000000,0x00000000c0d8ea00,0x00000000c2900000)
 PSPermGen       total 21504K, used 5563K [0x00000000bae00000, 0x00000000bc300000, 0x00000000c0000000)
  object space 21504K, 25% used [0x00000000bae00000,0x00000000bb36ee68,0x00000000bc300000)
Event: 5.945 GC heap after
Heap after GC invocations=5 (full 0):
 PSYoungGen      total 35328K, used 2540K [0x00000000eaa80000, 0x00000000efe80000, 0x0000000100000000)
  eden space 32768K, 0% used [0x00000000eaa80000,0x00000000eaa80000,0x00000000eca80000)
  from space 2560K, 99% used [0x00000000eca80000,0x00000000eccfb010,0x00000000ecd00000)
  to   space 10240K, 0% used [0x00000000ef480000,0x00000000ef480000,0x00000000efe80000)
 ParOldGen       total 41984K, used 19551K [0x00000000c0000000, 0x00000000c2900000, 0x00000000eaa80000)
  object space 41984K, 46% used [0x00000000c0000000,0x00000000c1317cc8,0x00000000c2900000)
 PSPermGen       total 21504K, used 5563K [0x00000000bae00000, 0x00000000bc300000, 0x00000000c0000000)
  object space 21504K, 25% used [0x00000000bae00000,0x00000000bb36ee68,0x00000000bc300000)
}

Deoptimization events (10 events):
Event: 4.487 Thread 0x0000000002d10800 Uncommon trap: reason=bimorphic action=maybe_recompile pc=0x0000000002efb07c method=java.util.HashMap.put(Ljava/lang/Object;Ljava/lang/Object;)Ljava/lang/Object; @ 83
Event: 4.791 Thread 0x0000000002d10800 Uncommon trap: reason=class_check action=maybe_recompile pc=0x0000000002fab618 method=com.android.dx.cf.code.RopperMachine.run(Lcom/android/dx/cf/code/Frame;II)V @ 310
Event: 4.892 Thread 0x0000000002d10800 Uncommon trap: reason=bimorphic action=maybe_recompile pc=0x0000000002f32af8 method=com.android.dx.ssa.LiteralOpUpgrader.tryReplacingWithConstant(Lcom/android/dx/ssa/NormalSsaInsn;)Z @ 62
Event: 4.893 Thread 0x0000000002d10800 Uncommon trap: reason=null_check action=make_not_entrant pc=0x0000000002fca228 method=com.android.dx.dex.file.MethodIdsSection.intern(Lcom/android/dx/rop/cst/CstBaseMethodRef;)Lcom/android/dx/dex/file/MethodIdItem; @ 26
Event: 4.938 Thread 0x0000000002d10800 Uncommon trap: reason=class_check action=maybe_recompile pc=0x0000000002fab940 method=com.android.dx.cf.code.RopperMachine.run(Lcom/android/dx/cf/code/Frame;II)V @ 1024
Event: 5.159 Thread 0x0000000002d10800 Uncommon trap: reason=class_check action=maybe_recompile pc=0x0000000002f27c7c method=com.android.dx.cf.code.Ropper.processBlock(Lcom/android/dx/cf/code/ByteBlock;Lcom/android/dx/cf/code/Frame;[I)V @ 777
Event: 5.165 Thread 0x0000000002d10800 Uncommon trap: reason=class_check action=maybe_recompile pc=0x0000000002f27c7c method=com.android.dx.cf.code.Ropper.processBlock(Lcom/android/dx/cf/code/ByteBlock;Lcom/android/dx/cf/code/Frame;[I)V @ 777
Event: 5.599 Thread 0x0000000002d10800 Uncommon trap: reason=unloaded action=reinterpret pc=0x0000000002f3296c method=com.android.dx.ssa.LiteralOpUpgrader$1.visitNonMoveInsn(Lcom/android/dx/ssa/NormalSsaInsn;)V @ 72
Event: 5.602 Thread 0x0000000002d10800 Uncommon trap: reason=null_check action=make_not_entrant pc=0x0000000002ffdca0 method=com.android.dx.dex.file.FieldIdsSection.intern(Lcom/android/dx/rop/cst/CstFieldRef;)Lcom/android/dx/dex/file/FieldIdItem; @ 26
Event: 5.729 Thread 0x0000000002d10800 Uncommon trap: reason=null_check action=make_not_entrant pc=0x0000000002ff5168 method=com.android.dx.cf.code.Ropper$CatchInfo.getSetup(Lcom/android/dx/rop/type/Type;)Lcom/android/dx/cf/code/Ropper$ExceptionHandlerSetup; @ 10

Internal exceptions (6 events):
Event: 0.052 Thread 0x0000000002d10800 Threw 0x00000000eaa907c8 at C:\re\jdk7u51\527\hotspot\src\share\vm\prims\jni.cpp:3991
Event: 0.802 Thread 0x0000000002d10800 Implicit null exception at 0x0000000002e8b3bc to 0x0000000002e8bb29
Event: 1.922 Thread 0x0000000002d10800 Implicit null exception at 0x0000000002eb0e92 to 0x0000000002eb0f82
Event: 2.320 Thread 0x0000000002d10800 Implicit null exception at 0x0000000002ec4770 to 0x0000000002ec59cd
Event: 4.892 Thread 0x0000000002d10800 Implicit null exception at 0x0000000002fc9898 to 0x0000000002fca219
Event: 5.729 Thread 0x0000000002d10800 Implicit null exception at 0x0000000002ff35c4 to 0x0000000002ff5151

Events (10 events):
Event: 5.947 Executing VM operation: RevokeBias
Event: 5.947 Executing VM operation: RevokeBias done
Event: 5.947 Executing VM operation: RevokeBias
Event: 5.947 Executing VM operation: RevokeBias done
Event: 5.947 Executing VM operation: RevokeBias
Event: 5.947 Executing VM operation: RevokeBias done
Event: 5.947 Executing VM operation: RevokeBias
Event: 5.947 Executing VM operation: RevokeBias done
Event: 5.947 Executing VM operation: BulkRevokeBias
Event: 5.947 Executing VM operation: BulkRevokeBias done


Dynamic libraries:
0x00007ff60f3c0000 - 0x00007ff60f3f3000 	C:\PROGRA~1\Java\JDK17~1.0_5\bin\java.exe
0x00007ff878b30000 - 0x00007ff878cd9000 	C:\Windows\SYSTEM32\ntdll.dll
0x00007ff8789f0000 - 0x00007ff878b2a000 	C:\Windows\system32\KERNEL32.DLL
0x00007ff876260000 - 0x00007ff87636f000 	C:\Windows\system32\KERNELBASE.dll
0x00007ff874a10000 - 0x00007ff874a9b000 	C:\Windows\system32\apphelp.dll
0x00007ff864690000 - 0x00007ff8646df000 	C:\Windows\AppPatch\AppPatch64\AcGenral.DLL
0x00007ff8769d0000 - 0x00007ff876a77000 	C:\Windows\system32\msvcrt.dll
0x00007ff875cf0000 - 0x00007ff875d1b000 	C:\Windows\SYSTEM32\SspiCli.dll
0x00007ff876cd0000 - 0x00007ff876d21000 	C:\Windows\system32\SHLWAPI.dll
0x00007ff876b30000 - 0x00007ff876ca1000 	C:\Windows\system32\USER32.dll
0x00007ff876d70000 - 0x00007ff876ee5000 	C:\Windows\system32\ole32.dll
0x00007ff877440000 - 0x00007ff87884e000 	C:\Windows\system32\SHELL32.dll
0x00007ff8754c0000 - 0x00007ff8754df000 	C:\Windows\SYSTEM32\USERENV.dll
0x00007ff876530000 - 0x00007ff8765d5000 	C:\Windows\system32\ADVAPI32.dll
0x00007ff86be20000 - 0x00007ff86be3b000 	C:\Windows\SYSTEM32\MPR.dll
0x00007ff877050000 - 0x00007ff877186000 	C:\Windows\system32\RPCRT4.dll
0x00007ff8765e0000 - 0x00007ff876637000 	C:\Windows\SYSTEM32\sechost.dll
0x00007ff877260000 - 0x00007ff877437000 	C:\Windows\SYSTEM32\combase.dll
0x00007ff876f00000 - 0x00007ff877045000 	C:\Windows\system32\GDI32.dll
0x00007ff875eb0000 - 0x00007ff875ec4000 	C:\Windows\SYSTEM32\profapi.dll
0x00007ff874aa0000 - 0x00007ff874b41000 	C:\Windows\SYSTEM32\SHCORE.dll
0x00007ff876d30000 - 0x00007ff876d64000 	C:\Windows\system32\IMM32.DLL
0x00007ff876890000 - 0x00007ff8769c8000 	C:\Windows\system32\MSCTF.dll
0x00007ff873ba0000 - 0x00007ff873dfa000 	C:\Windows\WinSxS\amd64_microsoft.windows.common-controls_6595b64144ccf1df_6.0.9600.16384_none_62475f7becb72503\COMCTL32.dll
0x000000005a890000 - 0x000000005a962000 	C:\PROGRA~1\Java\JDK17~1.0_5\jre\bin\msvcr100.dll
0x000000005ad20000 - 0x000000005b4e9000 	C:\PROGRA~1\Java\JDK17~1.0_5\jre\bin\server\jvm.dll
0x00007ff871490000 - 0x00007ff871499000 	C:\Windows\SYSTEM32\WSOCK32.dll
0x00007ff873790000 - 0x00007ff8737af000 	C:\Windows\SYSTEM32\WINMM.dll
0x00007ff8766a0000 - 0x00007ff8766a7000 	C:\Windows\system32\PSAPI.DLL
0x00007ff8764d0000 - 0x00007ff876528000 	C:\Windows\system32\WS2_32.dll
0x00007ff873750000 - 0x00007ff87377a000 	C:\Windows\SYSTEM32\WINMMBASE.dll
0x00007ff876ef0000 - 0x00007ff876ef9000 	C:\Windows\system32\NSI.dll
0x00007ff876370000 - 0x00007ff8763ba000 	C:\Windows\SYSTEM32\cfgmgr32.dll
0x00007ff874d30000 - 0x00007ff874d56000 	C:\Windows\SYSTEM32\DEVOBJ.dll
0x000000005ad10000 - 0x000000005ad1f000 	C:\PROGRA~1\Java\JDK17~1.0_5\jre\bin\verify.dll
0x000000005ace0000 - 0x000000005ad08000 	C:\PROGRA~1\Java\JDK17~1.0_5\jre\bin\java.dll
0x000000005acc0000 - 0x000000005acd5000 	C:\PROGRA~1\Java\JDK17~1.0_5\jre\bin\zip.dll
0x000000005aca0000 - 0x000000005acb9000 	C:\Program Files\Java\jdk1.7.0_51\jre\bin\net.dll
0x00007ff875770000 - 0x00007ff8757c8000 	C:\Windows\system32\mswsock.dll
0x000000005ac80000 - 0x000000005ac91000 	C:\Program Files\Java\jdk1.7.0_51\jre\bin\nio.dll

VM Arguments:
jvm_args: -Xmx1024M -Xss1m -Djava.ext.dirs=C:\Users\reyhane\AppData\Local\Android\sdk\build-tools\21.1.2\lib 
java_command: C:\Users\reyhane\AppData\Local\Android\sdk\build-tools\21.1.2\lib\dx.jar --dex --output C:\Users\reyhane\AndroidStudioProjects\MyFirst\app\build\intermediates\pre-dexed\debug\classes-07cede211025e60e17c4993fb328db9031786372.jar C:\Users\reyhane\AndroidStudioProjects\MyFirst\app\build\intermediates\exploded-aar\com.android.support\appcompat-v7\21.0.3\classes.jar
Launcher Type: SUN_STANDARD

Environment Variables:
JAVA_HOME=C:\Program Files\Java\jdk1.7.0_51
PATH=C:\Windows\system32;C:\Windows;C:\Windows\System32\Wbem;C:\Windows\System32\WindowsPowerShell\v1.0\;C:\Program Files\Java\jdk1.7.0_51\bin
USERNAME=reyhane
OS=Windows_NT
PROCESSOR_IDENTIFIER=Intel64 Family 6 Model 37 Stepping 2, GenuineIntel



---------------  S Y S T E M  ---------------

OS: Windows 8 , 64 bit Build 9200 

CPU:total 4 (2 cores per cpu, 2 threads per core) family 6 model 37 stepping 2, cmov, cx8, fxsr, mmx, sse, sse2, sse3, ssse3, sse4.1, sse4.2, popcnt, aes, ht, tsc, tscinvbit

Memory: 4k page, physical 4053900k(705396k free), swap 4658300k(5220k free)

vm_info: Java HotSpot(TM) 64-Bit Server VM (24.51-b03) for windows-amd64 JRE (1.7.0_51-b13), built on Dec 18 2013 18:40:56 by "java_re" with unknown MS VC++:1600

time: Sun Feb 08 17:34:27 2015
elapsed time: 6 seconds

