#
# There is insufficient memory for the Java Runtime Environment to continue.
# Native memory allocation (malloc) failed to allocate 323456 bytes for Chunk::new
# Possible reasons:
#   The system is out of physical RAM or swap space
#   In 32 bit mode, the process size limit was hit
# Possible solutions:
#   Reduce memory load on the system
#   Increase physical memory or swap space
#   Check if swap backing store is full
#   Use 64 bit Java on a 64 bit OS
#   Decrease Java heap size (-Xmx/-Xms)
#   Decrease number of Java threads
#   Decrease Java thread stack sizes (-Xss)
#   Set larger code cache with -XX:ReservedCodeCacheSize=
# This output file may be truncated or incomplete.
#
#  Out of Memory Error (allocation.cpp:323), pid=6284, tid=6540
#
# JRE version: Java(TM) SE Runtime Environment (7.0_51-b13) (build 1.7.0_51-b13)
# Java VM: Java HotSpot(TM) 64-Bit Server VM (24.51-b03 mixed mode windows-amd64 compressed oops)
# Failed to write core dump. Minidumps are not enabled by default on client versions of Windows
#

---------------  T H R E A D  ---------------

Current thread (0x0000000007ea1000):  JavaThread "C2 CompilerThread0" daemon [_thread_in_native, id=6540, stack(0x0000000009430000,0x0000000009530000)]

Stack: [0x0000000009430000,0x0000000009530000]

Current CompileTask:
C2:  17288  664             com.android.dx.dex.code.OutputFinisher::performExpansion (273 bytes)


---------------  P R O C E S S  ---------------

Java Threads: ( => current thread )
  0x0000000007ed7800 JavaThread "Service Thread" daemon [_thread_blocked, id=7012, stack(0x0000000009630000,0x0000000009730000)]
  0x0000000007ea3000 JavaThread "C2 CompilerThread1" daemon [_thread_blocked, id=6368, stack(0x0000000009530000,0x0000000009630000)]
=>0x0000000007ea1000 JavaThread "C2 CompilerThread0" daemon [_thread_in_native, id=6540, stack(0x0000000009430000,0x0000000009530000)]
  0x0000000007ea0000 JavaThread "Attach Listener" daemon [_thread_blocked, id=2100, stack(0x0000000009330000,0x0000000009430000)]
  0x0000000007eca800 JavaThread "Signal Dispatcher" daemon [_thread_blocked, id=6408, stack(0x0000000009230000,0x0000000009330000)]
  0x0000000007e8f000 JavaThread "Finalizer" daemon [_thread_blocked, id=5368, stack(0x0000000009130000,0x0000000009230000)]
  0x0000000007e83800 JavaThread "Reference Handler" daemon [_thread_blocked, id=5436, stack(0x0000000009030000,0x0000000009130000)]
  0x0000000001f30800 JavaThread "main" [_thread_in_Java, id=6648, stack(0x0000000001e30000,0x0000000001f30000)]

Other Threads:
  0x0000000007e80800 VMThread [stack: 0x0000000008f30000,0x0000000009030000] [id=6376]
  0x0000000007ee7800 WatcherThread [stack: 0x0000000009730000,0x0000000009830000] [id=6436]

VM state:not at safepoint (normal execution)

VM Mutex/Monitor currently owned by a thread: None

Heap
 PSYoungGen      total 141824K, used 53566K [0x00000000eaa80000, 0x00000000f4780000, 0x0000000100000000)
  eden space 129024K, 32% used [0x00000000eaa80000,0x00000000ed304060,0x00000000f2880000)
  from space 12800K, 94% used [0x00000000f3700000,0x00000000f42cb9c8,0x00000000f4380000)
  to   space 14848K, 0% used [0x00000000f2880000,0x00000000f2880000,0x00000000f3700000)
 ParOldGen       total 41984K, used 23662K [0x00000000c0000000, 0x00000000c2900000, 0x00000000eaa80000)
  object space 41984K, 56% used [0x00000000c0000000,0x00000000c171bbd8,0x00000000c2900000)
 PSPermGen       total 21504K, used 5829K [0x00000000bae00000, 0x00000000bc300000, 0x00000000c0000000)
  object space 21504K, 27% used [0x00000000bae00000,0x00000000bb3b15b0,0x00000000bc300000)

Card table byte_map: [0x00000000050f0000,0x0000000005320000] byte_map_base: 0x0000000004b19000

Polling page: 0x0000000001d50000

Code Cache  [0x0000000002030000, 0x00000000022a0000, 0x0000000005030000)
 total_blobs=877 nmethods=644 adapters=186 free_code_cache=46816Kb largest_free_block=47896896

Compilation events (10 events):
Event: 17.202 Thread 0x0000000007ea1000 nmethod 660 0x00000000021cce10 code [0x00000000021ccf40, 0x00000000021ccf98]
Event: 17.203 Thread 0x0000000007ea3000  661             com.android.dx.util.MutabilityControl::isImmutable (13 bytes)
Event: 17.204 Thread 0x0000000007ea3000 nmethod 661 0x00000000021ccc10 code [0x00000000021ccd40, 0x00000000021ccd98]
Event: 17.248 Thread 0x0000000007ea1000  662             com.android.dx.dex.code.LocalList$MakeState::aboutToProcess (127 bytes)
Event: 17.251 Thread 0x0000000007ea3000  663             com.android.dx.rop.code.RegisterSpecList::withOffset (76 bytes)
Event: 17.253 Thread 0x0000000007ea1000 nmethod 662 0x0000000002279190 code [0x0000000002279300, 0x00000000022795c8]
Event: 17.253 Thread 0x0000000007ea1000  664             com.android.dx.dex.code.OutputFinisher::performExpansion (273 bytes)
Event: 17.262 Thread 0x0000000007ea3000 nmethod 663 0x0000000002278710 code [0x00000000022788a0, 0x0000000002278d28]
Event: 17.274 Thread 0x0000000007ea3000  665             java.util.Arrays::fill (21 bytes)
Event: 17.275 Thread 0x0000000007ea3000 nmethod 665 0x0000000002278490 code [0x00000000022785c0, 0x0000000002278658]

GC Heap History (10 events):
Event: 4.717 GC heap before
{Heap before GC invocations=2 (full 0):
 PSYoungGen      total 18944K, used 18940K [0x00000000eaa80000, 0x00000000ecf80000, 0x0000000100000000)
  eden space 16384K, 100% used [0x00000000eaa80000,0x00000000eba80000,0x00000000eba80000)
  from space 2560K, 99% used [0x00000000eba80000,0x00000000ebcff0d0,0x00000000ebd00000)
  to   space 2560K, 0% used [0x00000000ecd00000,0x00000000ecd00000,0x00000000ecf80000)
 ParOldGen       total 41984K, used 1570K [0x00000000c0000000, 0x00000000c2900000, 0x00000000eaa80000)
  object space 41984K, 3% used [0x00000000c0000000,0x00000000c0188ab0,0x00000000c2900000)
 PSPermGen       total 21504K, used 5453K [0x00000000bae00000, 0x00000000bc300000, 0x00000000c0000000)
  object space 21504K, 25% used [0x00000000bae00000,0x00000000bb3535c8,0x00000000bc300000)
Event: 4.859 GC heap after
Heap after GC invocations=2 (full 0):
 PSYoungGen      total 35328K, used 2556K [0x00000000eaa80000, 0x00000000ecf80000, 0x0000000100000000)
  eden space 32768K, 0% used [0x00000000eaa80000,0x00000000eaa80000,0x00000000eca80000)
  from space 2560K, 99% used [0x00000000ecd00000,0x00000000ecf7f3a8,0x00000000ecf80000)
  to   space 2560K, 0% used [0x00000000eca80000,0x00000000eca80000,0x00000000ecd00000)
 ParOldGen       total 41984K, used 4037K [0x00000000c0000000, 0x00000000c2900000, 0x00000000eaa80000)
  object space 41984K, 9% used [0x00000000c0000000,0x00000000c03f1698,0x00000000c2900000)
 PSPermGen       total 21504K, used 5453K [0x00000000bae00000, 0x00000000bc300000, 0x00000000c0000000)
  object space 21504K, 25% used [0x00000000bae00000,0x00000000bb3535c8,0x00000000bc300000)
}
Event: 8.763 GC heap before
{Heap before GC invocations=3 (full 0):
 PSYoungGen      total 35328K, used 35324K [0x00000000eaa80000, 0x00000000ecf80000, 0x0000000100000000)
  eden space 32768K, 100% used [0x00000000eaa80000,0x00000000eca80000,0x00000000eca80000)
  from space 2560K, 99% used [0x00000000ecd00000,0x00000000ecf7f3a8,0x00000000ecf80000)
  to   space 2560K, 0% used [0x00000000eca80000,0x00000000eca80000,0x00000000ecd00000)
 ParOldGen       total 41984K, used 4037K [0x00000000c0000000, 0x00000000c2900000, 0x00000000eaa80000)
  object space 41984K, 9% used [0x00000000c0000000,0x00000000c03f1698,0x00000000c2900000)
 PSPermGen       total 21504K, used 5514K [0x00000000bae00000, 0x00000000bc300000, 0x00000000c0000000)
  object space 21504K, 25% used [0x00000000bae00000,0x00000000bb3629b8,0x00000000bc300000)
Event: 8.954 GC heap after
Heap after GC invocations=3 (full 0):
 PSYoungGen      total 35328K, used 2545K [0x00000000eaa80000, 0x00000000eef80000, 0x0000000100000000)
  eden space 32768K, 0% used [0x00000000eaa80000,0x00000000eaa80000,0x00000000eca80000)
  from space 2560K, 99% used [0x00000000eca80000,0x00000000eccfc480,0x00000000ecd00000)
  to   space 2560K, 0% used [0x00000000eed00000,0x00000000eed00000,0x00000000eef80000)
 ParOldGen       total 41984K, used 8714K [0x00000000c0000000, 0x00000000c2900000, 0x00000000eaa80000)
  object space 41984K, 20% used [0x00000000c0000000,0x00000000c08829c8,0x00000000c2900000)
 PSPermGen       total 21504K, used 5514K [0x00000000bae00000, 0x00000000bc300000, 0x00000000c0000000)
  object space 21504K, 25% used [0x00000000bae00000,0x00000000bb3629b8,0x00000000bc300000)
}
Event: 10.345 GC heap before
{Heap before GC invocations=4 (full 0):
 PSYoungGen      total 35328K, used 35313K [0x00000000eaa80000, 0x00000000eef80000, 0x0000000100000000)
  eden space 32768K, 100% used [0x00000000eaa80000,0x00000000eca80000,0x00000000eca80000)
  from space 2560K, 99% used [0x00000000eca80000,0x00000000eccfc480,0x00000000ecd00000)
  to   space 2560K, 0% used [0x00000000eed00000,0x00000000eed00000,0x00000000eef80000)
 ParOldGen       total 41984K, used 8714K [0x00000000c0000000, 0x00000000c2900000, 0x00000000eaa80000)
  object space 41984K, 20% used [0x00000000c0000000,0x00000000c08829c8,0x00000000c2900000)
 PSPermGen       total 21504K, used 5541K [0x00000000bae00000, 0x00000000bc300000, 0x00000000c0000000)
  object space 21504K, 25% used [0x00000000bae00000,0x00000000bb369440,0x00000000bc300000)
Event: 10.431 GC heap after
Heap after GC invocations=4 (full 0):
 PSYoungGen      total 68096K, used 2544K [0x00000000eaa80000, 0x00000000eef80000, 0x0000000100000000)
  eden space 65536K, 0% used [0x00000000eaa80000,0x00000000eaa80000,0x00000000eea80000)
  from space 2560K, 99% used [0x00000000eed00000,0x00000000eef7c3c0,0x00000000eef80000)
  to   space 2560K, 0% used [0x00000000eea80000,0x00000000eea80000,0x00000000eed00000)
 ParOldGen       total 41984K, used 13890K [0x00000000c0000000, 0x00000000c2900000, 0x00000000eaa80000)
  object space 41984K, 33% used [0x00000000c0000000,0x00000000c0d90ae0,0x00000000c2900000)
 PSPermGen       total 21504K, used 5541K [0x00000000bae00000, 0x00000000bc300000, 0x00000000c0000000)
  object space 21504K, 25% used [0x00000000bae00000,0x00000000bb369440,0x00000000bc300000)
}
Event: 13.416 GC heap before
{Heap before GC invocations=5 (full 0):
 PSYoungGen      total 68096K, used 68080K [0x00000000eaa80000, 0x00000000eef80000, 0x0000000100000000)
  eden space 65536K, 100% used [0x00000000eaa80000,0x00000000eea80000,0x00000000eea80000)
  from space 2560K, 99% used [0x00000000eed00000,0x00000000eef7c3c0,0x00000000eef80000)
  to   space 2560K, 0% used [0x00000000eea80000,0x00000000eea80000,0x00000000eed00000)
 ParOldGen       total 41984K, used 13890K [0x00000000c0000000, 0x00000000c2900000, 0x00000000eaa80000)
  object space 41984K, 33% used [0x00000000c0000000,0x00000000c0d90ae0,0x00000000c2900000)
 PSPermGen       total 21504K, used 5585K [0x00000000bae00000, 0x00000000bc300000, 0x00000000c0000000)
  object space 21504K, 25% used [0x00000000bae00000,0x00000000bb374518,0x00000000bc300000)
Event: 13.516 GC heap after
Heap after GC invocations=5 (full 0):
 PSYoungGen      total 68096K, used 2536K [0x00000000eaa80000, 0x00000000f4380000, 0x0000000100000000)
  eden space 65536K, 0% used [0x00000000eaa80000,0x00000000eaa80000,0x00000000eea80000)
  from space 2560K, 99% used [0x00000000eea80000,0x00000000eecfa318,0x00000000eed00000)
  to   space 12800K, 0% used [0x00000000f3700000,0x00000000f3700000,0x00000000f4380000)
 ParOldGen       total 41984K, used 23662K [0x00000000c0000000, 0x00000000c2900000, 0x00000000eaa80000)
  object space 41984K, 56% used [0x00000000c0000000,0x00000000c171bbd8,0x00000000c2900000)
 PSPermGen       total 21504K, used 5585K [0x00000000bae00000, 0x00000000bc300000, 0x00000000c0000000)
  object space 21504K, 25% used [0x00000000bae00000,0x00000000bb374518,0x00000000bc300000)
}
Event: 15.176 GC heap before
{Heap before GC invocations=6 (full 0):
 PSYoungGen      total 68096K, used 68072K [0x00000000eaa80000, 0x00000000f4380000, 0x0000000100000000)
  eden space 65536K, 100% used [0x00000000eaa80000,0x00000000eea80000,0x00000000eea80000)
  from space 2560K, 99% used [0x00000000eea80000,0x00000000eecfa318,0x00000000eed00000)
  to   space 12800K, 0% used [0x00000000f3700000,0x00000000f3700000,0x00000000f4380000)
 ParOldGen       total 41984K, used 23662K [0x00000000c0000000, 0x00000000c2900000, 0x00000000eaa80000)
  object space 41984K, 56% used [0x00000000c0000000,0x00000000c171bbd8,0x00000000c2900000)
 PSPermGen       total 21504K, used 5611K [0x00000000bae00000, 0x00000000bc300000, 0x00000000c0000000)
  object space 21504K, 26% used [0x00000000bae00000,0x00000000bb37ae60,0x00000000bc300000)
Event: 15.316 GC heap after
Heap after GC invocations=6 (full 0):
 PSYoungGen      total 141824K, used 12078K [0x00000000eaa80000, 0x00000000f4780000, 0x0000000100000000)
  eden space 129024K, 0% used [0x00000000eaa80000,0x00000000eaa80000,0x00000000f2880000)
  from space 12800K, 94% used [0x00000000f3700000,0x00000000f42cb9c8,0x00000000f4380000)
  to   space 14848K, 0% used [0x00000000f2880000,0x00000000f2880000,0x00000000f3700000)
 ParOldGen       total 41984K, used 23662K [0x00000000c0000000, 0x00000000c2900000, 0x00000000eaa80000)
  object space 41984K, 56% used [0x00000000c0000000,0x00000000c171bbd8,0x00000000c2900000)
 PSPermGen       total 21504K, used 5611K [0x00000000bae00000, 0x00000000bc300000, 0x00000000c0000000)
  object space 21504K, 26% used [0x00000000bae00000,0x00000000bb37ae60,0x00000000bc300000)
}

Deoptimization events (10 events):
Event: 12.659 Thread 0x0000000001f30800 Uncommon trap: reason=unreached action=reinterpret pc=0x00000000021ef3b8 method=com.android.dx.cf.code.Merger.mergeLocals(Lcom/android/dx/cf/code/OneLocalsArray;Lcom/android/dx/cf/code/OneLocalsArray;)Lcom/android/dx/cf/code/OneLocalsArray; @ 2
Event: 12.879 Thread 0x0000000001f30800 Uncommon trap: reason=class_check action=maybe_recompile pc=0x00000000021cb75c method=com.android.dx.cf.code.RopperMachine.run(Lcom/android/dx/cf/code/Frame;II)V @ 310
Event: 12.879 Thread 0x0000000001f30800 Uncommon trap: reason=class_check action=maybe_recompile pc=0x00000000021cb75c method=com.android.dx.cf.code.RopperMachine.run(Lcom/android/dx/cf/code/Frame;II)V @ 310
Event: 13.643 Thread 0x0000000001f30800 Uncommon trap: reason=unloaded action=reinterpret pc=0x00000000021bbb28 method=com.android.dx.cf.cst.ConstantPoolParser.parse0(ILjava/util/BitSet;)Lcom/android/dx/rop/cst/Constant; @ 220
Event: 15.508 Thread 0x0000000001f30800 Uncommon trap: reason=bimorphic action=maybe_recompile pc=0x000000000224a19c method=com.android.dx.cf.code.BytecodeArray.parseInstruction(ILcom/android/dx/cf/code/BytecodeArray$Visitor;)I @ 1597
Event: 15.508 Thread 0x0000000001f30800 Uncommon trap: reason=bimorphic action=maybe_recompile pc=0x000000000224a19c method=com.android.dx.cf.code.BytecodeArray.parseInstruction(ILcom/android/dx/cf/code/BytecodeArray$Visitor;)I @ 1597
Event: 16.217 Thread 0x0000000001f30800 Uncommon trap: reason=unreached action=reinterpret pc=0x0000000002205fcc method=com.android.dx.dex.file.DexFile.internIfAppropriate(Lcom/android/dx/rop/cst/Constant;)V @ 92
Event: 16.512 Thread 0x0000000001f30800 Uncommon trap: reason=predicate action=maybe_recompile pc=0x0000000002212180 method=java.util.ComparableTimSort.binarySort([Ljava/lang/Object;III)V @ 37
Event: 16.704 Thread 0x0000000001f30800 Uncommon trap: reason=unreached action=reinterpret pc=0x00000000021d0efc method=com.android.dx.dex.code.OutputFinisher.findOpcodeForInsn(Lcom/android/dx/dex/code/DalvInsn;Lcom/android/dx/dex/code/Dop;)Lcom/android/dx/dex/code/Dop; @ 1
Event: 16.706 Thread 0x0000000001f30800 Uncommon trap: reason=unreached action=reinterpret pc=0x0000000002202468 method=com.android.dx.dex.code.OutputFinisher.findOpcodeForInsn(Lcom/android/dx/dex/code/DalvInsn;Lcom/android/dx/dex/code/Dop;)Lcom/android/dx/dex/code/Dop; @ 1

Internal exceptions (6 events):
Event: 0.099 Thread 0x0000000001f30800 Threw 0x00000000eaa907c8 at C:\re\jdk7u51\527\hotspot\src\share\vm\prims\jni.cpp:3991
Event: 1.053 Thread 0x0000000001f30800 Implicit null exception at 0x00000000020aca4e to 0x00000000020ad1c9
Event: 2.883 Thread 0x0000000001f30800 Implicit null exception at 0x00000000020d35d2 to 0x00000000020d36c2
Event: 3.693 Thread 0x0000000001f30800 Implicit null exception at 0x00000000020ee2f8 to 0x00000000020ef555
Event: 9.294 Thread 0x0000000001f30800 Implicit null exception at 0x0000000002163ad8 to 0x0000000002164459
Event: 10.798 Thread 0x0000000001f30800 Implicit null exception at 0x000000000220260c to 0x000000000220417d

Events (10 events):
Event: 16.512 Thread 0x0000000001f30800 DEOPT PACKING pc=0x0000000002212180 sp=0x0000000001f2f0e0
Event: 16.512 Thread 0x0000000001f30800 DEOPT UNPACKING pc=0x0000000002069064 sp=0x0000000001f2f0e0 mode 2
Event: 16.704 Thread 0x0000000001f30800 Uncommon trap: trap_request=0xffffffad fr.pc=0x00000000021d0efc
Event: 16.704 Thread 0x0000000001f30800 DEOPT PACKING pc=0x00000000021d0efc sp=0x0000000001f2f270
Event: 16.704 Thread 0x0000000001f30800 DEOPT UNPACKING pc=0x0000000002069064 sp=0x0000000001f2f1a8 mode 2
Event: 16.704 loading class 0x00000000099d19b0
Event: 16.704 loading class 0x00000000099d19b0 done
Event: 16.706 Thread 0x0000000001f30800 Uncommon trap: trap_request=0xffffffad fr.pc=0x0000000002202468
Event: 16.706 Thread 0x0000000001f30800 DEOPT PACKING pc=0x0000000002202468 sp=0x0000000001f2f1e0
Event: 16.706 Thread 0x0000000001f30800 DEOPT UNPACKING pc=0x0000000002069064 sp=0x0000000001f2f198 mode 2


Dynamic libraries:
0x00007ff60f3c0000 - 0x00007ff60f3f3000 	C:\PROGRA~1\Java\JDK17~1.0_5\bin\java.exe
0x00007ff878b30000 - 0x00007ff878cd9000 	C:\Windows\SYSTEM32\ntdll.dll
0x00007ff8789f0000 - 0x00007ff878b2a000 	C:\Windows\system32\KERNEL32.DLL
0x00007ff876260000 - 0x00007ff87636f000 	C:\Windows\system32\KERNELBASE.dll
0x00007ff874a10000 - 0x00007ff874a9b000 	C:\Windows\system32\apphelp.dll
0x00007ff864690000 - 0x00007ff8646df000 	C:\Windows\AppPatch\AppPatch64\AcGenral.DLL
0x00007ff8769d0000 - 0x00007ff876a77000 	C:\Windows\system32\msvcrt.dll
0x00007ff875cf0000 - 0x00007ff875d1b000 	C:\Windows\SYSTEM32\SspiCli.dll
0x00007ff876cd0000 - 0x00007ff876d21000 	C:\Windows\system32\SHLWAPI.dll
0x00007ff876b30000 - 0x00007ff876ca1000 	C:\Windows\system32\USER32.dll
0x00007ff876d70000 - 0x00007ff876ee5000 	C:\Windows\system32\ole32.dll
0x00007ff877440000 - 0x00007ff87884e000 	C:\Windows\system32\SHELL32.dll
0x00007ff8754c0000 - 0x00007ff8754df000 	C:\Windows\SYSTEM32\USERENV.dll
0x00007ff876530000 - 0x00007ff8765d5000 	C:\Windows\system32\ADVAPI32.dll
0x00007ff86be20000 - 0x00007ff86be3b000 	C:\Windows\SYSTEM32\MPR.dll
0x00007ff877050000 - 0x00007ff877186000 	C:\Windows\system32\RPCRT4.dll
0x00007ff8765e0000 - 0x00007ff876637000 	C:\Windows\SYSTEM32\sechost.dll
0x00007ff877260000 - 0x00007ff877437000 	C:\Windows\SYSTEM32\combase.dll
0x00007ff876f00000 - 0x00007ff877045000 	C:\Windows\system32\GDI32.dll
0x00007ff875eb0000 - 0x00007ff875ec4000 	C:\Windows\SYSTEM32\profapi.dll
0x00007ff874aa0000 - 0x00007ff874b41000 	C:\Windows\SYSTEM32\SHCORE.dll
0x00007ff876d30000 - 0x00007ff876d64000 	C:\Windows\system32\IMM32.DLL
0x00007ff876890000 - 0x00007ff8769c8000 	C:\Windows\system32\MSCTF.dll
0x00007ff873ba0000 - 0x00007ff873dfa000 	C:\Windows\WinSxS\amd64_microsoft.windows.common-controls_6595b64144ccf1df_6.0.9600.16384_none_62475f7becb72503\COMCTL32.dll
0x000000005a890000 - 0x000000005a962000 	C:\PROGRA~1\Java\JDK17~1.0_5\jre\bin\msvcr100.dll
0x000000005ad20000 - 0x000000005b4e9000 	C:\PROGRA~1\Java\JDK17~1.0_5\jre\bin\server\jvm.dll
0x00007ff871490000 - 0x00007ff871499000 	C:\Windows\SYSTEM32\WSOCK32.dll
0x00007ff873790000 - 0x00007ff8737af000 	C:\Windows\SYSTEM32\WINMM.dll
0x00007ff8766a0000 - 0x00007ff8766a7000 	C:\Windows\system32\PSAPI.DLL
0x00007ff8764d0000 - 0x00007ff876528000 	C:\Windows\system32\WS2_32.dll
0x00007ff873750000 - 0x00007ff87377a000 	C:\Windows\SYSTEM32\WINMMBASE.dll
0x00007ff876ef0000 - 0x00007ff876ef9000 	C:\Windows\system32\NSI.dll
0x00007ff876370000 - 0x00007ff8763ba000 	C:\Windows\SYSTEM32\cfgmgr32.dll
0x00007ff874d30000 - 0x00007ff874d56000 	C:\Windows\SYSTEM32\DEVOBJ.dll
0x000000005ad10000 - 0x000000005ad1f000 	C:\PROGRA~1\Java\JDK17~1.0_5\jre\bin\verify.dll
0x000000005ace0000 - 0x000000005ad08000 	C:\PROGRA~1\Java\JDK17~1.0_5\jre\bin\java.dll
0x000000005acc0000 - 0x000000005acd5000 	C:\PROGRA~1\Java\JDK17~1.0_5\jre\bin\zip.dll
0x000000005aca0000 - 0x000000005acb9000 	C:\Program Files\Java\jdk1.7.0_51\jre\bin\net.dll
0x00007ff875770000 - 0x00007ff8757c8000 	C:\Windows\system32\mswsock.dll
0x000000005ac80000 - 0x000000005ac91000 	C:\Program Files\Java\jdk1.7.0_51\jre\bin\nio.dll

VM Arguments:
jvm_args: -Xmx1024M -Xss1m -Djava.ext.dirs=C:\Users\reyhane\AppData\Local\Android\sdk\build-tools\21.1.2\lib 
java_command: C:\Users\reyhane\AppData\Local\Android\sdk\build-tools\21.1.2\lib\dx.jar --dex --output C:\Users\reyhane\AndroidStudioProjects\MyFirst\app\build\intermediates\pre-dexed\debug\classes-07cede211025e60e17c4993fb328db9031786372.jar C:\Users\reyhane\AndroidStudioProjects\MyFirst\app\build\intermediates\exploded-aar\com.android.support\appcompat-v7\21.0.3\classes.jar
Launcher Type: SUN_STANDARD

Environment Variables:
JAVA_HOME=C:\Program Files\Java\jdk1.7.0_51
PATH=C:\Windows\system32;C:\Windows;C:\Windows\System32\Wbem;C:\Windows\System32\WindowsPowerShell\v1.0\;C:\Program Files\Java\jdk1.7.0_51\bin
USERNAME=reyhane
OS=Windows_NT
PROCESSOR_IDENTIFIER=Intel64 Family 6 Model 37 Stepping 2, GenuineIntel



---------------  S Y S T E M  ---------------

OS: Windows 8 , 64 bit Build 9200 

CPU:total 4 (2 cores per cpu, 2 threads per core) family 6 model 37 stepping 2, cmov, cx8, fxsr, mmx, sse, sse2, sse3, ssse3, sse4.1, sse4.2, popcnt, aes, ht, tsc, tscinvbit

Memory: 4k page, physical 4053900k(708796k free), swap 4658300k(5128k free)

vm_info: Java HotSpot(TM) 64-Bit Server VM (24.51-b03) for windows-amd64 JRE (1.7.0_51-b13), built on Dec 18 2013 18:40:56 by "java_re" with unknown MS VC++:1600

time: Sun Feb 08 15:23:31 2015
elapsed time: 17 seconds

