#
# There is insufficient memory for the Java Runtime Environment to continue.
# Native memory allocation (malloc) failed to allocate 4092 bytes for AllocateHeap
# Possible reasons:
#   The system is out of physical RAM or swap space
#   In 32 bit mode, the process size limit was hit
# Possible solutions:
#   Reduce memory load on the system
#   Increase physical memory or swap space
#   Check if swap backing store is full
#   Use 64 bit Java on a 64 bit OS
#   Decrease Java heap size (-Xmx/-Xms)
#   Decrease number of Java threads
#   Decrease Java thread stack sizes (-Xss)
#   Set larger code cache with -XX:ReservedCodeCacheSize=
# This output file may be truncated or incomplete.
#
#  Out of Memory Error (memory/allocation.inline.hpp:62), pid=7584, tid=1588
#
# JRE version: Java(TM) SE Runtime Environment (8.0_05-b13) (build 1.8.0_05-b13)
# Java VM: Java HotSpot(TM) Client VM (25.5-b02 mixed mode windows-x86 )
# Failed to write core dump. Minidumps are not enabled by default on client versions of Windows
#

---------------  T H R E A D  ---------------

Current thread (0x02c8a000):  VMThread [stack: 0x02a90000,0x02ae0000] [id=1588]

Stack: [0x02a90000,0x02ae0000],  sp=0x02adf14c,  free space=316k
Native frames: (J=compiled Java code, j=interpreted, Vv=VM code, C=native code)
V  [jvm.dll+0x1921e8]
V  [jvm.dll+0x18b328]
V  [jvm.dll+0xbb62b]
V  [jvm.dll+0x887ef]
V  [jvm.dll+0xc527f]
V  [jvm.dll+0xc542d]
V  [jvm.dll+0x19d471]
V  [jvm.dll+0x19d620]
V  [jvm.dll+0x9a75b]
V  [jvm.dll+0x96f31]
V  [jvm.dll+0x8d100]
V  [jvm.dll+0x8ed63]
V  [jvm.dll+0x8f1af]
V  [jvm.dll+0x8e06f]
V  [jvm.dll+0x99282]
V  [jvm.dll+0x8cba3]
V  [jvm.dll+0x87373]
V  [jvm.dll+0x1a0596]
V  [jvm.dll+0x16a05b]
V  [jvm.dll+0x169421]
V  [jvm.dll+0x169837]
V  [jvm.dll+0x169a32]
V  [jvm.dll+0x1a9186]
C  [msvcr100.dll+0x5c556]
C  [msvcr100.dll+0x5c600]
C  [KERNEL32.DLL+0x1a534]
C  [ntdll.dll+0x48f8b]
C  [ntdll.dll+0x48f61]

VM_Operation (0x02a8f394): GenCollectForAllocation, mode: safepoint, requested by thread 0x02d8bc00


---------------  P R O C E S S  ---------------

Java Threads: ( => current thread )
  0x45729c00 JavaThread "Service Thread" daemon [_thread_blocked, id=7804, stack(0x45c10000,0x45d10000)]
  0x456fe000 JavaThread "C1 CompilerThread0" daemon [_thread_blocked, id=6208, stack(0x04d90000,0x04de0000)]
  0x456fd000 JavaThread "Attach Listener" daemon [_thread_blocked, id=7496, stack(0x45ad0000,0x45bd0000)]
  0x456ef000 JavaThread "Signal Dispatcher" daemon [_thread_blocked, id=7008, stack(0x459d0000,0x45ad0000)]
  0x456d3c00 JavaThread "Finalizer" daemon [_thread_blocked, id=6800, stack(0x458d0000,0x459d0000)]
  0x02c8cc00 JavaThread "Reference Handler" daemon [_thread_blocked, id=7840, stack(0x455d0000,0x456d0000)]
  0x02d8bc00 JavaThread "main" [_thread_blocked, id=6876, stack(0x02990000,0x02a90000)]

Other Threads:
=>0x02c8a000 VMThread [stack: 0x02a90000,0x02ae0000] [id=1588]
  0x45735800 WatcherThread [stack: 0x45d50000,0x45da0000] [id=7292]

VM state:at safepoint (normal execution)

VM Mutex/Monitor currently owned by a thread:  ([mutex/lock_event])
[0x02d8a4d8] Threads_lock - owner thread: 0x02c8a000
[0x02d8ac18] Heap_lock - owner thread: 0x02d8bc00

Heap:
 def new generation   total 49024K, used 49024K [0x04e00000, 0x08330000, 0x1a350000)
  eden space 43584K, 100% used [0x04e00000, 0x07890000, 0x07890000)
  from space 5440K, 100% used [0x07890000, 0x07de0000, 0x07de0000)
  to   space 5440K, 100% used [0x07de0000, 0x08330000, 0x08330000)
 tenured generation   total 115624K, used 115622K [0x1a350000, 0x2143a000, 0x44e00000)
   the space 115624K,  99% used [0x1a350000, 0x21439910, 0x21439a00, 0x2143a000)
 Metaspace       used 3270K, capacity 3462K, committed 3520K, reserved 4480K

Card table byte_map: [0x44e00000,0x45010000] byte_map_base: 0x44dd9000

Polling page: 0x00ee0000

CodeCache: size=32768Kb used=2459Kb max_used=2459Kb free=30308Kb
 bounds [0x02d90000, 0x02ff8000, 0x04d90000]
 total_blobs=1101 nmethods=958 adapters=74
 compilation: enabled

Compilation events (10 events):
Event: 13.023 Thread 0x456fe000  954             com.android.dx.cf.code.Ropper$CatchInfo::getSetup (53 bytes)
Event: 13.024 Thread 0x456fe000 nmethod 954 0x02ff5308 code [0x02ff5430, 0x02ff5634]
Event: 13.024 Thread 0x456fe000  955             com.android.dx.cf.code.ConcreteMethod::getCode (8 bytes)
Event: 13.024 Thread 0x456fe000 nmethod 955 0x02ff5808 code [0x02ff5900, 0x02ff5990]
Event: 13.069 Thread 0x456fe000  956             com.android.dx.dex.file.Section::validateAlignment (23 bytes)
Event: 13.069 Thread 0x456fe000 nmethod 956 0x02ff5a08 code [0x02ff5b10, 0x02ff5bfc]
Event: 13.070 Thread 0x456fe000  957             com.android.dx.rop.code.RegisterSpec::intersect (169 bytes)
Event: 13.071 Thread 0x456fe000 nmethod 957 0x02ff5c88 code [0x02ff5df0, 0x02ff6124]
Event: 13.071 Thread 0x456fe000  958             com.android.dx.ssa.SsaRenamer::setNameForSsaReg (54 bytes)
Event: 13.072 Thread 0x456fe000 nmethod 958 0x02ff6388 code [0x02ff64d0, 0x02ff67a0]

GC Heap History (10 events):
Event: 12.098 GC heap after
Heap after GC invocations=24 (full 6):
 def new generation   total 28096K, used 3072K [0x04e00000, 0x06c70000, 0x1a350000)
  eden space 25024K,   0% used [0x04e00000, 0x04e00000, 0x06670000)
  from space 3072K, 100% used [0x06970000, 0x06c70000, 0x06c70000)
  to   space 3072K,   0% used [0x06670000, 0x06670000, 0x06970000)
 tenured generation   total 62256K, used 62133K [0x1a350000, 0x1e01c000, 0x44e00000)
   the space 62256K,  99% used [0x1a350000, 0x1dffd680, 0x1dffd800, 0x1e01c000)
 Metaspace       used 3258K, capacity 3430K, committed 3520K, reserved 4480K
}
Event: 12.307 GC heap before
{Heap before GC invocations=24 (full 6):
 def new generation   total 28096K, used 28096K [0x04e00000, 0x06c70000, 0x1a350000)
  eden space 25024K, 100% used [0x04e00000, 0x06670000, 0x06670000)
  from space 3072K, 100% used [0x06970000, 0x06c70000, 0x06c70000)
  to   space 3072K,   0% used [0x06670000, 0x06670000, 0x06970000)
 tenured generation   total 62256K, used 62133K [0x1a350000, 0x1e01c000, 0x44e00000)
   the space 62256K,  99% used [0x1a350000, 0x1dffd680, 0x1dffd800, 0x1e01c000)
 Metaspace       used 3258K, capacity 3430K, committed 3520K, reserved 4480K
Event: 12.433 GC heap after
Heap after GC invocations=25 (full 7):
 def new generation   total 49024K, used 2561K [0x04e00000, 0x08330000, 0x1a350000)
  eden space 43584K,   5% used [0x04e00000, 0x050805e8, 0x07890000)
  from space 5440K,   0% used [0x07890000, 0x07890000, 0x07de0000)
  to   space 5440K,   0% used [0x07de0000, 0x07de0000, 0x08330000)
 tenured generation   total 108880K, used 65327K [0x1a350000, 0x20da4000, 0x44e00000)
   the space 108880K,  59% used [0x1a350000, 0x1e31bff0, 0x1e31c000, 0x20da4000)
 Metaspace       used 3258K, capacity 3430K, committed 3520K, reserved 4480K
}
Event: 12.704 GC heap before
{Heap before GC invocations=25 (full 7):
 def new generation   total 49024K, used 43584K [0x04e00000, 0x08330000, 0x1a350000)
  eden space 43584K, 100% used [0x04e00000, 0x07890000, 0x07890000)
  from space 5440K,   0% used [0x07890000, 0x07890000, 0x07de0000)
  to   space 5440K,   0% used [0x07de0000, 0x07de0000, 0x08330000)
 tenured generation   total 108880K, used 65327K [0x1a350000, 0x20da4000, 0x44e00000)
   the space 108880K,  59% used [0x1a350000, 0x1e31bff0, 0x1e31c000, 0x20da4000)
 Metaspace       used 3258K, capacity 3430K, committed 3520K, reserved 4480K
Event: 12.761 GC heap after
Heap after GC invocations=26 (full 7):
 def new generation   total 49024K, used 5440K [0x04e00000, 0x08330000, 0x1a350000)
  eden space 43584K,   0% used [0x04e00000, 0x04e00000, 0x07890000)
  from space 5440K, 100% used [0x07de0000, 0x08330000, 0x08330000)
  to   space 5440K,   0% used [0x07890000, 0x07890000, 0x07de0000)
 tenured generation   total 108880K, used 70594K [0x1a350000, 0x20da4000, 0x44e00000)
   the space 108880K,  64% used [0x1a350000, 0x1e840850, 0x1e840a00, 0x20da4000)
 Metaspace       used 3258K, capacity 3430K, committed 3520K, reserved 4480K
}
Event: 13.030 GC heap before
{Heap before GC invocations=26 (full 7):
 def new generation   total 49024K, used 49024K [0x04e00000, 0x08330000, 0x1a350000)
  eden space 43584K, 100% used [0x04e00000, 0x07890000, 0x07890000)
  from space 5440K, 100% used [0x07de0000, 0x08330000, 0x08330000)
  to   space 5440K,   0% used [0x07890000, 0x07890000, 0x07de0000)
 tenured generation   total 108880K, used 70594K [0x1a350000, 0x20da4000, 0x44e00000)
   the space 108880K,  64% used [0x1a350000, 0x1e840850, 0x1e840a00, 0x20da4000)
 Metaspace       used 3270K, capacity 3462K, committed 3520K, reserved 4480K
Event: 13.067 GC heap after
Heap after GC invocations=27 (full 7):
 def new generation   total 49024K, used 5440K [0x04e00000, 0x08330000, 0x1a350000)
  eden space 43584K,   0% used [0x04e00000, 0x04e00000, 0x07890000)
  from space 5440K, 100% used [0x07890000, 0x07de0000, 0x07de0000)
  to   space 5440K,   0% used [0x07de0000, 0x07de0000, 0x08330000)
 tenured generation   total 108880K, used 76945K [0x1a350000, 0x20da4000, 0x44e00000)
   the space 108880K,  70% used [0x1a350000, 0x1ee744f0, 0x1ee74600, 0x20da4000)
 Metaspace       used 3270K, capacity 3462K, committed 3520K, reserved 4480K
}
Event: 14.334 GC heap before
{Heap before GC invocations=27 (full 7):
 def new generation   total 49024K, used 49024K [0x04e00000, 0x08330000, 0x1a350000)
  eden space 43584K, 100% used [0x04e00000, 0x07890000, 0x07890000)
  from space 5440K, 100% used [0x07890000, 0x07de0000, 0x07de0000)
  to   space 5440K,   0% used [0x07de0000, 0x07de0000, 0x08330000)
 tenured generation   total 108880K, used 76945K [0x1a350000, 0x20da4000, 0x44e00000)
   the space 108880K,  70% used [0x1a350000, 0x1ee744f0, 0x1ee74600, 0x20da4000)
 Metaspace       used 3270K, capacity 3462K, committed 3520K, reserved 4480K
Event: 14.415 GC heap after
Heap after GC invocations=28 (full 7):
 def new generation   total 49024K, used 5440K [0x04e00000, 0x08330000, 0x1a350000)
  eden space 43584K,   0% used [0x04e00000, 0x04e00000, 0x07890000)
  from space 5440K, 100% used [0x07de0000, 0x08330000, 0x08330000)
  to   space 5440K,   0% used [0x07890000, 0x07890000, 0x07de0000)
 tenured generation   total 108880K, used 106881K [0x1a350000, 0x20da4000, 0x44e00000)
   the space 108880K,  98% used [0x1a350000, 0x20bb0440, 0x20bb0600, 0x20da4000)
 Metaspace       used 3270K, capacity 3462K, committed 3520K, reserved 4480K
}
Event: 14.770 GC heap before
{Heap before GC invocations=28 (full 7):
 def new generation   total 49024K, used 49024K [0x04e00000, 0x08330000, 0x1a350000)
  eden space 43584K, 100% used [0x04e00000, 0x07890000, 0x07890000)
  from space 5440K, 100% used [0x07de0000, 0x08330000, 0x08330000)
  to   space 5440K,   0% used [0x07890000, 0x07890000, 0x07de0000)
 tenured generation   total 108880K, used 106881K [0x1a350000, 0x20da4000, 0x44e00000)
   the space 108880K,  98% used [0x1a350000, 0x20bb0440, 0x20bb0600, 0x20da4000)
 Metaspace       used 3270K, capacity 3462K, committed 3520K, reserved 4480K

Deoptimization events (0 events):
No events

Internal exceptions (2 events):
Event: 0.046 Thread 0x02d8bc00 Exception <a 'java/lang/NoSuchMethodError': Method sun.misc.Unsafe.defineClass(Ljava/lang/String;[BII)Ljava/lang/Class; name or signature does not match> (0x04e0fab0) thrown at [D:\re\workspace\8-2-build-windows-i586-cygwin\jdk8u5\2488\hotspot\src\share\vmxTñ>w§?
Event: 0.046 Thread 0x02d8bc00 Exception <a 'java/lang/NoSuchMethodError': Method sun.misc.Unsafe.prefetchRead(Ljava/lang/Object;J)V name or signature does not match> (0x04e0fd30) thrown at [D:\re\workspace\8-2-build-windows-i586-cygwin\jdk8u5\2488\hotspot\src\share\vm\prims\jni.cpp, li

Events (10 events):
Event: 12.951 loading class com/android/dx/cf/direct/AnnotationParser done
Event: 12.952 loading class com/android/dx/cf/attrib/AttRuntimeVisibleAnnotations
Event: 12.952 loading class com/android/dx/cf/attrib/AttRuntimeVisibleAnnotations done
Event: 12.953 loading class com/android/dx/cf/attrib/BaseAnnotations
Event: 12.953 loading class com/android/dx/cf/attrib/BaseAnnotations done
Event: 13.030 Executing VM operation: GenCollectForAllocation
Event: 13.067 Executing VM operation: GenCollectForAllocation done
Event: 14.334 Executing VM operation: GenCollectForAllocation
Event: 14.415 Executing VM operation: GenCollectForAllocation done
Event: 14.770 Executing VM operation: GenCollectForAllocation


Dynamic libraries:
0x01240000 - 0x01270000 	C:\PROGRA~2\Java\jre8\bin\java.exe
0x773a0000 - 0x77508000 	C:\Windows\SYSTEM32\ntdll.dll
0x77080000 - 0x771c0000 	C:\Windows\SYSTEM32\KERNEL32.DLL
0x752e0000 - 0x753af000 	C:\Windows\SYSTEM32\KERNELBASE.dll
0x73e20000 - 0x73eba000 	C:\Windows\system32\apphelp.dll
0x73bc0000 - 0x73e13000 	C:\Windows\AppPatch\AcGenral.DLL
0x76ab0000 - 0x76b6e000 	C:\Windows\SYSTEM32\msvcrt.dll
0x76e60000 - 0x76e9e000 	C:\Windows\SYSTEM32\sechost.dll
0x74dd0000 - 0x74ded000 	C:\Windows\SYSTEM32\SspiCli.dll
0x768f0000 - 0x76931000 	C:\Windows\SYSTEM32\SHLWAPI.dll
0x73ae0000 - 0x73bbc000 	C:\Windows\SYSTEM32\UxTheme.dll
0x76ea0000 - 0x76ff0000 	C:\Windows\SYSTEM32\USER32.dll
0x771c0000 - 0x772c8000 	C:\Windows\SYSTEM32\GDI32.dll
0x74650000 - 0x74670000 	C:\Windows\SYSTEM32\WINMM.dll
0x73ac0000 - 0x73ad2000 	C:\Windows\SYSTEM32\samcli.dll
0x76c80000 - 0x76d8b000 	C:\Windows\SYSTEM32\ole32.dll
0x75250000 - 0x752d7000 	C:\Windows\SYSTEM32\OLEAUT32.dll
0x73aa0000 - 0x73ab5000 	C:\Windows\SYSTEM32\MSACM32.dll
0x74d50000 - 0x74d58000 	C:\Windows\SYSTEM32\VERSION.dll
0x756b0000 - 0x76851000 	C:\Windows\SYSTEM32\SHELL32.dll
0x74b00000 - 0x74b19000 	C:\Windows\SYSTEM32\USERENV.dll
0x73a80000 - 0x73a99000 	C:\Windows\SYSTEM32\dwmapi.dll
0x73950000 - 0x73a75000 	C:\Windows\SYSTEM32\urlmon.dll
0x753b0000 - 0x75427000 	C:\Windows\SYSTEM32\ADVAPI32.dll
0x74cf0000 - 0x74d4e000 	C:\Windows\SYSTEM32\WINSPOOL.DRV
0x73930000 - 0x73944000 	C:\Windows\SYSTEM32\MPR.dll
0x76da0000 - 0x76e51000 	C:\Windows\SYSTEM32\RPCRT4.dll
0x74dc0000 - 0x74dc9000 	C:\Windows\SYSTEM32\CRYPTBASE.dll
0x76960000 - 0x76aae000 	C:\Windows\SYSTEM32\combase.dll
0x74440000 - 0x74460000 	C:\Windows\SYSTEM32\WINMMBASE.dll
0x747c0000 - 0x747ce000 	C:\Windows\SYSTEM32\profapi.dll
0x74210000 - 0x74425000 	C:\Windows\SYSTEM32\iertutil.dll
0x74460000 - 0x74624000 	C:\Windows\SYSTEM32\WININET.dll
0x74d60000 - 0x74db1000 	C:\Windows\SYSTEM32\bcryptPrimitives.dll
0x75170000 - 0x751aa000 	C:\Windows\SYSTEM32\cfgmgr32.dll
0x74cd0000 - 0x74cef000 	C:\Windows\SYSTEM32\DEVOBJ.dll
0x74190000 - 0x74207000 	C:\Windows\SYSTEM32\SHCORE.DLL
0x76b70000 - 0x76b95000 	C:\Windows\system32\IMM32.DLL
0x75430000 - 0x75527000 	C:\Windows\SYSTEM32\MSCTF.dll
0x72570000 - 0x72755000 	C:\Windows\WinSxS\x86_microsoft.windows.common-controls_6595b64144ccf1df_6.0.9600.16384_none_a9f4965301334e09\COMCTL32.dll
0x72810000 - 0x728cf000 	C:\PROGRA~2\Java\jre8\bin\msvcr100.dll
0x70f20000 - 0x712b6000 	C:\PROGRA~2\Java\jre8\bin\client\jvm.dll
0x73510000 - 0x73518000 	C:\Windows\SYSTEM32\WSOCK32.dll
0x77040000 - 0x77046000 	C:\Windows\SYSTEM32\PSAPI.DLL
0x76ba0000 - 0x76bed000 	C:\Windows\SYSTEM32\WS2_32.dll
0x76d90000 - 0x76d97000 	C:\Windows\SYSTEM32\NSI.dll
0x72b90000 - 0x72b9c000 	C:\PROGRA~2\Java\jre8\bin\verify.dll
0x72b10000 - 0x72b31000 	C:\PROGRA~2\Java\jre8\bin\java.dll
0x72af0000 - 0x72b03000 	C:\PROGRA~2\Java\jre8\bin\zip.dll

VM Arguments:
jvm_args: -Xmx1024M -Xss1m -Djava.ext.dirs=C:\Users\reyhane\AppData\Local\Android\sdk\build-tools\21.1.2\lib 
java_command: C:\Users\reyhane\AppData\Local\Android\sdk\build-tools\21.1.2\lib\dx.jar --dex --output C:\Users\reyhane\AndroidStudioProjects\MyFirst\app\build\intermediates\pre-dexed\debug\classes-afec8ec3afb582989fbe64397c2420c6bfd921d9.jar C:\Users\reyhane\AndroidStudioProjects\MyFirst\app\build\intermediates\exploded-aar\com.google.android.gms\play-services\6.5.87\classes.jar
java_class_path (initial): C:\Users\reyhane\AppData\Local\Android\sdk\build-tools\21.1.2\lib\dx.jar
Launcher Type: SUN_STANDARD

Environment Variables:
JAVA_HOME=C:\Program Files\Java\jdk1.7.0_51
PATH=C:\Windows\system32;C:\Windows;C:\Windows\System32\Wbem;C:\Windows\System32\WindowsPowerShell\v1.0\;C:\Program Files\Java\jdk1.7.0_51\bin
USERNAME=reyhane
OS=Windows_NT
PROCESSOR_IDENTIFIER=Intel64 Family 6 Model 37 Stepping 2, GenuineIntel



---------------  S Y S T E M  ---------------

OS: Windows 8.1 , 64 bit Build 9600 

CPU:total 4 (2 cores per cpu, 2 threads per core) family 6 model 37 stepping 2, cmov, cx8, fxsr, mmx, sse, sse2, sse3, ssse3, sse4.1, sse4.2, popcnt, aes, clmul, ht, tsc, tscinvbit

Memory: 4k page, physical 4053900k(666932k free), swap 4658300k(9852k free)

vm_info: Java HotSpot(TM) Client VM (25.5-b02) for windows-x86 JRE (1.8.0_05-b13), built on Mar 18 2014 01:14:47 by "java_re" with MS VC++ 10.0 (VS2010)

time: Sun Feb 08 17:34:37 2015
elapsed time: 15 seconds

