#
# There is insufficient memory for the Java Runtime Environment to continue.
# Native memory allocation (malloc) failed to allocate 1317696 bytes for Chunk::new
# Possible reasons:
#   The system is out of physical RAM or swap space
#   In 32 bit mode, the process size limit was hit
# Possible solutions:
#   Reduce memory load on the system
#   Increase physical memory or swap space
#   Check if swap backing store is full
#   Use 64 bit Java on a 64 bit OS
#   Decrease Java heap size (-Xmx/-Xms)
#   Decrease number of Java threads
#   Decrease Java thread stack sizes (-Xss)
#   Set larger code cache with -XX:ReservedCodeCacheSize=
# This output file may be truncated or incomplete.
#
#  Out of Memory Error (allocation.cpp:323), pid=1456, tid=5460
#
# JRE version: Java(TM) SE Runtime Environment (7.0_51-b13) (build 1.7.0_51-b13)
# Java VM: Java HotSpot(TM) 64-Bit Server VM (24.51-b03 mixed mode windows-amd64 compressed oops)
# Failed to write core dump. Minidumps are not enabled by default on client versions of Windows
#

---------------  T H R E A D  ---------------

Current thread (0x0000000008433000):  JavaThread "C2 CompilerThread1" daemon [_thread_in_native, id=5460, stack(0x0000000009ae0000,0x0000000009be0000)]

Stack: [0x0000000009ae0000,0x0000000009be0000]

Current CompileTask:
C2:   6775  300   !         com.android.dx.cf.code.BytecodeArray::parseInstruction (2764 bytes)


---------------  P R O C E S S  ---------------

Java Threads: ( => current thread )
  0x000000000846b800 JavaThread "Service Thread" daemon [_thread_blocked, id=4816, stack(0x0000000009be0000,0x0000000009ce0000)]
=>0x0000000008433000 JavaThread "C2 CompilerThread1" daemon [_thread_in_native, id=5460, stack(0x0000000009ae0000,0x0000000009be0000)]
  0x0000000008431000 JavaThread "C2 CompilerThread0" daemon [_thread_in_native, id=6828, stack(0x00000000099e0000,0x0000000009ae0000)]
  0x0000000008430000 JavaThread "Attach Listener" daemon [_thread_blocked, id=7288, stack(0x00000000098e0000,0x00000000099e0000)]
  0x000000000845a800 JavaThread "Signal Dispatcher" daemon [_thread_blocked, id=7980, stack(0x00000000097e0000,0x00000000098e0000)]
  0x0000000008419000 JavaThread "Finalizer" daemon [_thread_blocked, id=6592, stack(0x00000000096c0000,0x00000000097c0000)]
  0x0000000008414000 JavaThread "Reference Handler" daemon [_thread_blocked, id=2884, stack(0x00000000095c0000,0x00000000096c0000)]
  0x0000000002490800 JavaThread "main" [_thread_in_vm, id=7968, stack(0x0000000002350000,0x0000000002450000)]

Other Threads:
  0x0000000008410800 VMThread [stack: 0x00000000094c0000,0x00000000095c0000] [id=5164]
  0x0000000008475800 WatcherThread [stack: 0x0000000009ce0000,0x0000000009de0000] [id=2352]

VM state:not at safepoint (normal execution)

VM Mutex/Monitor currently owned by a thread: None

Heap
 PSYoungGen      total 35328K, used 13581K [0x00000000eaa80000, 0x00000000ecf80000, 0x0000000100000000)
  eden space 32768K, 33% used [0x00000000eaa80000,0x00000000eb548960,0x00000000eca80000)
  from space 2560K, 99% used [0x00000000ecd00000,0x00000000ecf7aab8,0x00000000ecf80000)
  to   space 2560K, 0% used [0x00000000eca80000,0x00000000eca80000,0x00000000ecd00000)
 ParOldGen       total 41984K, used 4254K [0x00000000c0000000, 0x00000000c2900000, 0x00000000eaa80000)
  object space 41984K, 10% used [0x00000000c0000000,0x00000000c0427a68,0x00000000c2900000)
 PSPermGen       total 21504K, used 5434K [0x00000000bae00000, 0x00000000bc300000, 0x00000000c0000000)
  object space 21504K, 25% used [0x00000000bae00000,0x00000000bb34ea80,0x00000000bc300000)

Card table byte_map: [0x0000000005650000,0x0000000005880000] byte_map_base: 0x0000000005079000

Polling page: 0x0000000002320000

Code Cache  [0x0000000002590000, 0x0000000002800000, 0x0000000005590000)
 total_blobs=531 nmethods=298 adapters=186 free_code_cache=47976Kb largest_free_block=49090432

Compilation events (10 events):
Event: 6.569 Thread 0x0000000008431000  297             java.util.HashMap::createEntry (39 bytes)
Event: 6.571 Thread 0x0000000008431000 nmethod 297 0x000000000269a8d0 code [0x000000000269aa20, 0x000000000269abb8]
Event: 6.685 Thread 0x0000000008433000  298             com.android.dx.ssa.SsaBasicBlock::getDomChildren (5 bytes)
Event: 6.685 Thread 0x0000000008433000 nmethod 298 0x000000000269a650 code [0x000000000269a780, 0x000000000269a7d8]
Event: 6.715 Thread 0x0000000008431000  299             java.util.ArrayList::remove (77 bytes)
Event: 6.726 Thread 0x0000000008431000 nmethod 299 0x0000000002613890 code [0x00000000026139e0, 0x0000000002613df8]
Event: 6.732 Thread 0x0000000008433000  300   !         com.android.dx.cf.code.BytecodeArray::parseInstruction (2764 bytes)
Event: 6.748 Thread 0x0000000008431000  301             com.android.dx.cf.code.ByteOps::opInfo (6 bytes)
Event: 6.749 Thread 0x0000000008431000 nmethod 301 0x0000000002613690 code [0x00000000026137c0, 0x0000000002613818]
Event: 6.749 Thread 0x0000000008431000  302             com.android.dx.cf.code.Ropper::addExceptionSetupBlocks (203 bytes)

GC Heap History (4 events):
Event: 1.982 GC heap before
{Heap before GC invocations=1 (full 0):
 PSYoungGen      total 18944K, used 16384K [0x00000000eaa80000, 0x00000000ebf80000, 0x0000000100000000)
  eden space 16384K, 100% used [0x00000000eaa80000,0x00000000eba80000,0x00000000eba80000)
  from space 2560K, 0% used [0x00000000ebd00000,0x00000000ebd00000,0x00000000ebf80000)
  to   space 2560K, 0% used [0x00000000eba80000,0x00000000eba80000,0x00000000ebd00000)
 ParOldGen       total 41984K, used 0K [0x00000000c0000000, 0x00000000c2900000, 0x00000000eaa80000)
  object space 41984K, 0% used [0x00000000c0000000,0x00000000c0000000,0x00000000c2900000)
 PSPermGen       total 21504K, used 5242K [0x00000000bae00000, 0x00000000bc300000, 0x00000000c0000000)
  object space 21504K, 24% used [0x00000000bae00000,0x00000000bb31e8e0,0x00000000bc300000)
Event: 2.080 GC heap after
Heap after GC invocations=1 (full 0):
 PSYoungGen      total 18944K, used 2551K [0x00000000eaa80000, 0x00000000ecf80000, 0x0000000100000000)
  eden space 16384K, 0% used [0x00000000eaa80000,0x00000000eaa80000,0x00000000eba80000)
  from space 2560K, 99% used [0x00000000eba80000,0x00000000ebcfdc78,0x00000000ebd00000)
  to   space 2560K, 0% used [0x00000000ecd00000,0x00000000ecd00000,0x00000000ecf80000)
 ParOldGen       total 41984K, used 1624K [0x00000000c0000000, 0x00000000c2900000, 0x00000000eaa80000)
  object space 41984K, 3% used [0x00000000c0000000,0x00000000c01960c8,0x00000000c2900000)
 PSPermGen       total 21504K, used 5242K [0x00000000bae00000, 0x00000000bc300000, 0x00000000c0000000)
  object space 21504K, 24% used [0x00000000bae00000,0x00000000bb31e8e0,0x00000000bc300000)
}
Event: 4.798 GC heap before
{Heap before GC invocations=2 (full 0):
 PSYoungGen      total 18944K, used 18935K [0x00000000eaa80000, 0x00000000ecf80000, 0x0000000100000000)
  eden space 16384K, 100% used [0x00000000eaa80000,0x00000000eba80000,0x00000000eba80000)
  from space 2560K, 99% used [0x00000000eba80000,0x00000000ebcfdc78,0x00000000ebd00000)
  to   space 2560K, 0% used [0x00000000ecd00000,0x00000000ecd00000,0x00000000ecf80000)
 ParOldGen       total 41984K, used 1624K [0x00000000c0000000, 0x00000000c2900000, 0x00000000eaa80000)
  object space 41984K, 3% used [0x00000000c0000000,0x00000000c01960c8,0x00000000c2900000)
 PSPermGen       total 21504K, used 5410K [0x00000000bae00000, 0x00000000bc300000, 0x00000000c0000000)
  object space 21504K, 25% used [0x00000000bae00000,0x00000000bb348a10,0x00000000bc300000)
Event: 4.897 GC heap after
Heap after GC invocations=2 (full 0):
 PSYoungGen      total 35328K, used 2538K [0x00000000eaa80000, 0x00000000ecf80000, 0x0000000100000000)
  eden space 32768K, 0% used [0x00000000eaa80000,0x00000000eaa80000,0x00000000eca80000)
  from space 2560K, 99% used [0x00000000ecd00000,0x00000000ecf7aab8,0x00000000ecf80000)
  to   space 2560K, 0% used [0x00000000eca80000,0x00000000eca80000,0x00000000ecd00000)
 ParOldGen       total 41984K, used 4254K [0x00000000c0000000, 0x00000000c2900000, 0x00000000eaa80000)
  object space 41984K, 10% used [0x00000000c0000000,0x00000000c0427a68,0x00000000c2900000)
 PSPermGen       total 21504K, used 5410K [0x00000000bae00000, 0x00000000bc300000, 0x00000000c0000000)
  object space 21504K, 25% used [0x00000000bae00000,0x00000000bb348a10,0x00000000bc300000)
}

Deoptimization events (10 events):
Event: 3.781 Thread 0x0000000002490800 Uncommon trap: reason=null_check action=make_not_entrant pc=0x00000000026618a4 method=com.android.dx.rop.type.Type.putIntern(Lcom/android/dx/rop/type/Type;)Lcom/android/dx/rop/type/Type; @ 18
Event: 4.141 Thread 0x0000000002490800 Uncommon trap: reason=unreached action=reinterpret pc=0x000000000263b3a0 method=com.android.dx.ssa.SsaConverter.placePhiFunctions(Lcom/android/dx/ssa/SsaMethod;Lcom/android/dx/ssa/LocalVariableInfo;I)V @ 327
Event: 4.218 Thread 0x0000000002490800 Uncommon trap: reason=unreached action=reinterpret pc=0x000000000260ccc4 method=com.android.dx.rop.cst.Constant.compareTo(Lcom/android/dx/rop/cst/Constant;)I @ 12
Event: 4.485 Thread 0x0000000002490800 Uncommon trap: reason=predicate action=maybe_recompile pc=0x000000000266a4a8 method=java.util.ArrayList.remove(Ljava/lang/Object;)Z @ 49
Event: 4.524 Thread 0x0000000002490800 Uncommon trap: reason=unreached action=reinterpret pc=0x000000000264b334 method=com.android.dx.ssa.SsaRenamer$BlockRenamer.process()V @ 90
Event: 4.524 Thread 0x0000000002490800 Uncommon trap: reason=bimorphic action=maybe_recompile pc=0x0000000002622ba4 method=com.android.dx.ssa.NormalSsaInsn.accept(Lcom/android/dx/ssa/SsaInsn$Visitor;)V @ 9
Event: 4.524 Thread 0x0000000002490800 Uncommon trap: reason=bimorphic action=maybe_recompile pc=0x0000000002622ba4 method=com.android.dx.ssa.NormalSsaInsn.accept(Lcom/android/dx/ssa/SsaInsn$Visitor;)V @ 9
Event: 4.524 Thread 0x0000000002490800 Uncommon trap: reason=bimorphic action=maybe_recompile pc=0x0000000002622ba4 method=com.android.dx.ssa.NormalSsaInsn.accept(Lcom/android/dx/ssa/SsaInsn$Visitor;)V @ 9
Event: 4.525 Thread 0x0000000002490800 Uncommon trap: reason=bimorphic action=maybe_recompile pc=0x0000000002622ba4 method=com.android.dx.ssa.NormalSsaInsn.accept(Lcom/android/dx/ssa/SsaInsn$Visitor;)V @ 9
Event: 5.678 Thread 0x0000000002490800 Uncommon trap: reason=null_check action=make_not_entrant pc=0x00000000026a8388 method=com.android.dx.cf.code.Ropper$CatchInfo.getSetup(Lcom/android/dx/rop/type/Type;)Lcom/android/dx/cf/code/Ropper$ExceptionHandlerSetup; @ 10

Internal exceptions (5 events):
Event: 0.054 Thread 0x0000000002490800 Threw 0x00000000eaa907c8 at C:\re\jdk7u51\527\hotspot\src\share\vm\prims\jni.cpp:3991
Event: 1.679 Thread 0x0000000002490800 Implicit null exception at 0x00000000026113dc to 0x0000000002611dc5
Event: 2.871 Thread 0x0000000002490800 Implicit null exception at 0x000000000264d2e2 to 0x000000000264df79
Event: 3.781 Thread 0x0000000002490800 Implicit null exception at 0x000000000266119b to 0x0000000002661895
Event: 5.678 Thread 0x0000000002490800 Implicit null exception at 0x00000000026a6231 to 0x00000000026a837d

Events (10 events):
Event: 4.898 Executing VM operation: RevokeBias
Event: 4.898 Executing VM operation: RevokeBias done
Event: 4.898 Executing VM operation: RevokeBias
Event: 4.898 Executing VM operation: RevokeBias done
Event: 5.067 Thread 0x0000000008433000 flushing nmethod 0x0000000002604bd0
Event: 5.103 Thread 0x0000000008431000 flushing nmethod 0x0000000002610f10
Event: 5.678 Thread 0x0000000002490800 Uncommon trap: trap_request=0xfffffff4 fr.pc=0x00000000026a8388
Event: 5.678 Thread 0x0000000002490800 DEOPT PACKING pc=0x00000000026a8388 sp=0x000000000244e7f0
Event: 5.678 Thread 0x0000000002490800 DEOPT UNPACKING pc=0x00000000025c9064 sp=0x000000000244e738 mode 2
Event: 6.535 Thread 0x0000000008433000 flushing nmethod 0x000000000264ca50


Dynamic libraries:
0x00007ff60f3c0000 - 0x00007ff60f3f3000 	C:\PROGRA~1\Java\JDK17~1.0_5\bin\java.exe
0x00007ff878b30000 - 0x00007ff878cd9000 	C:\Windows\SYSTEM32\ntdll.dll
0x00007ff8789f0000 - 0x00007ff878b2a000 	C:\Windows\system32\KERNEL32.DLL
0x00007ff876260000 - 0x00007ff87636f000 	C:\Windows\system32\KERNELBASE.dll
0x00007ff874a10000 - 0x00007ff874a9b000 	C:\Windows\system32\apphelp.dll
0x00007ff864690000 - 0x00007ff8646df000 	C:\Windows\AppPatch\AppPatch64\AcGenral.DLL
0x00007ff8769d0000 - 0x00007ff876a77000 	C:\Windows\system32\msvcrt.dll
0x00007ff875cf0000 - 0x00007ff875d1b000 	C:\Windows\SYSTEM32\SspiCli.dll
0x00007ff876cd0000 - 0x00007ff876d21000 	C:\Windows\system32\SHLWAPI.dll
0x00007ff876b30000 - 0x00007ff876ca1000 	C:\Windows\system32\USER32.dll
0x00007ff876d70000 - 0x00007ff876ee5000 	C:\Windows\system32\ole32.dll
0x00007ff877440000 - 0x00007ff87884e000 	C:\Windows\system32\SHELL32.dll
0x00007ff8754c0000 - 0x00007ff8754df000 	C:\Windows\SYSTEM32\USERENV.dll
0x00007ff876530000 - 0x00007ff8765d5000 	C:\Windows\system32\ADVAPI32.dll
0x00007ff86be20000 - 0x00007ff86be3b000 	C:\Windows\SYSTEM32\MPR.dll
0x00007ff877050000 - 0x00007ff877186000 	C:\Windows\system32\RPCRT4.dll
0x00007ff8765e0000 - 0x00007ff876637000 	C:\Windows\SYSTEM32\sechost.dll
0x00007ff877260000 - 0x00007ff877437000 	C:\Windows\SYSTEM32\combase.dll
0x00007ff876f00000 - 0x00007ff877045000 	C:\Windows\system32\GDI32.dll
0x00007ff875eb0000 - 0x00007ff875ec4000 	C:\Windows\SYSTEM32\profapi.dll
0x00007ff874aa0000 - 0x00007ff874b41000 	C:\Windows\SYSTEM32\SHCORE.dll
0x00007ff876d30000 - 0x00007ff876d64000 	C:\Windows\system32\IMM32.DLL
0x00007ff876890000 - 0x00007ff8769c8000 	C:\Windows\system32\MSCTF.dll
0x00007ff873ba0000 - 0x00007ff873dfa000 	C:\Windows\WinSxS\amd64_microsoft.windows.common-controls_6595b64144ccf1df_6.0.9600.16384_none_62475f7becb72503\COMCTL32.dll
0x000000005a890000 - 0x000000005a962000 	C:\PROGRA~1\Java\JDK17~1.0_5\jre\bin\msvcr100.dll
0x000000005ad20000 - 0x000000005b4e9000 	C:\PROGRA~1\Java\JDK17~1.0_5\jre\bin\server\jvm.dll
0x00007ff871490000 - 0x00007ff871499000 	C:\Windows\SYSTEM32\WSOCK32.dll
0x00007ff873790000 - 0x00007ff8737af000 	C:\Windows\SYSTEM32\WINMM.dll
0x00007ff8766a0000 - 0x00007ff8766a7000 	C:\Windows\system32\PSAPI.DLL
0x00007ff8764d0000 - 0x00007ff876528000 	C:\Windows\system32\WS2_32.dll
0x00007ff873750000 - 0x00007ff87377a000 	C:\Windows\SYSTEM32\WINMMBASE.dll
0x00007ff876ef0000 - 0x00007ff876ef9000 	C:\Windows\system32\NSI.dll
0x00007ff876370000 - 0x00007ff8763ba000 	C:\Windows\SYSTEM32\cfgmgr32.dll
0x00007ff874d30000 - 0x00007ff874d56000 	C:\Windows\SYSTEM32\DEVOBJ.dll
0x000000005ad10000 - 0x000000005ad1f000 	C:\PROGRA~1\Java\JDK17~1.0_5\jre\bin\verify.dll
0x000000005ace0000 - 0x000000005ad08000 	C:\PROGRA~1\Java\JDK17~1.0_5\jre\bin\java.dll
0x000000005acc0000 - 0x000000005acd5000 	C:\PROGRA~1\Java\JDK17~1.0_5\jre\bin\zip.dll
0x000000005aca0000 - 0x000000005acb9000 	C:\Program Files\Java\jdk1.7.0_51\jre\bin\net.dll
0x00007ff875770000 - 0x00007ff8757c8000 	C:\Windows\system32\mswsock.dll
0x000000005ac80000 - 0x000000005ac91000 	C:\Program Files\Java\jdk1.7.0_51\jre\bin\nio.dll

VM Arguments:
jvm_args: -Xmx1024M -Xss1m -Djava.ext.dirs=C:\Users\reyhane\AppData\Local\Android\sdk\build-tools\21.1.2\lib 
java_command: C:\Users\reyhane\AppData\Local\Android\sdk\build-tools\21.1.2\lib\dx.jar --dex --output C:\Users\reyhane\AndroidStudioProjects\MyFirst\app\build\intermediates\pre-dexed\debug\internal_impl-21.0.3-2af2ebc15681515fa42d5f81d75c03247f917fb9.jar C:\Users\reyhane\AndroidStudioProjects\MyFirst\app\build\intermediates\exploded-aar\com.android.support\support-v4\21.0.3\libs\internal_impl-21.0.3.jar
Launcher Type: SUN_STANDARD

Environment Variables:
JAVA_HOME=C:\Program Files\Java\jdk1.7.0_51
PATH=C:\Windows\system32;C:\Windows;C:\Windows\System32\Wbem;C:\Windows\System32\WindowsPowerShell\v1.0\;C:\Program Files\Java\jdk1.7.0_51\bin
USERNAME=reyhane
OS=Windows_NT
PROCESSOR_IDENTIFIER=Intel64 Family 6 Model 37 Stepping 2, GenuineIntel



---------------  S Y S T E M  ---------------

OS: Windows 8 , 64 bit Build 9200 

CPU:total 4 (2 cores per cpu, 2 threads per core) family 6 model 37 stepping 2, cmov, cx8, fxsr, mmx, sse, sse2, sse3, ssse3, sse4.1, sse4.2, popcnt, aes, ht, tsc, tscinvbit

Memory: 4k page, physical 4053900k(1037392k free), swap 4658300k(6204k free)

vm_info: Java HotSpot(TM) 64-Bit Server VM (24.51-b03) for windows-amd64 JRE (1.7.0_51-b13), built on Dec 18 2013 18:40:56 by "java_re" with unknown MS VC++:1600

time: Sun Feb 08 17:35:15 2015
elapsed time: 6 seconds

