#
# There is insufficient memory for the Java Runtime Environment to continue.
# Native memory allocation (malloc) failed to allocate 308816 bytes for Chunk::new
# Possible reasons:
#   The system is out of physical RAM or swap space
#   In 32 bit mode, the process size limit was hit
# Possible solutions:
#   Reduce memory load on the system
#   Increase physical memory or swap space
#   Check if swap backing store is full
#   Use 64 bit Java on a 64 bit OS
#   Decrease Java heap size (-Xmx/-Xms)
#   Decrease number of Java threads
#   Decrease Java thread stack sizes (-Xss)
#   Set larger code cache with -XX:ReservedCodeCacheSize=
# This output file may be truncated or incomplete.
#
#  Out of Memory Error (allocation.cpp:323), pid=6916, tid=2192
#
# JRE version: Java(TM) SE Runtime Environment (7.0_51-b13) (build 1.7.0_51-b13)
# Java VM: Java HotSpot(TM) 64-Bit Server VM (24.51-b03 mixed mode windows-amd64 compressed oops)
# Failed to write core dump. Minidumps are not enabled by default on client versions of Windows
#

---------------  T H R E A D  ---------------

Current thread (0x0000000007f48000):  JavaThread "C2 CompilerThread1" daemon [_thread_in_native, id=2192, stack(0x00000000095d0000,0x00000000096d0000)]

Stack: [0x00000000095d0000,0x00000000096d0000]

Current CompileTask:
C2:   4616  262   !         com.android.dx.cf.code.BytecodeArray::parseInstruction (2764 bytes)


---------------  P R O C E S S  ---------------

Java Threads: ( => current thread )
  0x0000000007f5a000 JavaThread "Service Thread" daemon [_thread_blocked, id=7692, stack(0x00000000096d0000,0x00000000097d0000)]
=>0x0000000007f48000 JavaThread "C2 CompilerThread1" daemon [_thread_in_native, id=2192, stack(0x00000000095d0000,0x00000000096d0000)]
  0x0000000007f46000 JavaThread "C2 CompilerThread0" daemon [_thread_blocked, id=8032, stack(0x00000000094d0000,0x00000000095d0000)]
  0x0000000007f45000 JavaThread "Attach Listener" daemon [_thread_blocked, id=4596, stack(0x00000000093d0000,0x00000000094d0000)]
  0x0000000007f1d800 JavaThread "Signal Dispatcher" daemon [_thread_blocked, id=6736, stack(0x00000000092d0000,0x00000000093d0000)]
  0x0000000007f09000 JavaThread "Finalizer" daemon [_thread_blocked, id=7176, stack(0x00000000091b0000,0x00000000092b0000)]
  0x0000000007f03800 JavaThread "Reference Handler" daemon [_thread_blocked, id=5504, stack(0x00000000090b0000,0x00000000091b0000)]
  0x0000000001f80800 JavaThread "main" [_thread_in_Java, id=7264, stack(0x0000000001e80000,0x0000000001f80000)]

Other Threads:
  0x0000000007f00800 VMThread [stack: 0x0000000008fb0000,0x00000000090b0000] [id=6700]
  0x0000000007f64000 WatcherThread [stack: 0x00000000097d0000,0x00000000098d0000] [id=7356]

VM state:not at safepoint (normal execution)

VM Mutex/Monitor currently owned by a thread: None

Heap
 PSYoungGen      total 35328K, used 5151K [0x00000000eaa80000, 0x00000000ecf80000, 0x0000000100000000)
  eden space 32768K, 7% used [0x00000000eaa80000,0x00000000ead0ad40,0x00000000eca80000)
  from space 2560K, 99% used [0x00000000ecd00000,0x00000000ecf7d290,0x00000000ecf80000)
  to   space 2560K, 0% used [0x00000000eca80000,0x00000000eca80000,0x00000000ecd00000)
 ParOldGen       total 41984K, used 3806K [0x00000000c0000000, 0x00000000c2900000, 0x00000000eaa80000)
  object space 41984K, 9% used [0x00000000c0000000,0x00000000c03b7928,0x00000000c2900000)
 PSPermGen       total 21504K, used 5461K [0x00000000bae00000, 0x00000000bc300000, 0x00000000c0000000)
  object space 21504K, 25% used [0x00000000bae00000,0x00000000bb355718,0x00000000bc300000)

Card table byte_map: [0x0000000005140000,0x0000000005370000] byte_map_base: 0x0000000004b69000

Polling page: 0x00000000005c0000

Code Cache  [0x0000000002080000, 0x00000000022f0000, 0x0000000005080000)
 total_blobs=501 nmethods=268 adapters=186 free_code_cache=48100Kb largest_free_block=49226560

Compilation events (10 events):
Event: 4.482 Thread 0x0000000007f46000  265             com.android.dx.rop.code.CstInsn::<init> (31 bytes)
Event: 4.483 Thread 0x0000000007f46000 nmethod 265 0x00000000021788d0 code [0x0000000002178a20, 0x0000000002178b58]
Event: 4.491 Thread 0x0000000007f46000  266             com.android.dx.rop.code.LocalItem::compareTo (32 bytes)
Event: 4.494 Thread 0x0000000007f46000 nmethod 266 0x000000000217b490 code [0x000000000217b5e0, 0x000000000217b8b8]
Event: 4.499 Thread 0x0000000007f46000  267             com.android.dx.cf.code.Ropper::addExceptionSetupBlocks (203 bytes)
Event: 4.523 Thread 0x0000000007f46000 nmethod 267 0x000000000217dcd0 code [0x000000000217df40, 0x000000000217e920]
Event: 4.523 Thread 0x0000000007f46000  268             com.android.dx.ssa.SsaBasicBlock::getParent (5 bytes)
Event: 4.524 Thread 0x0000000007f46000 nmethod 268 0x0000000002172d90 code [0x0000000002172ec0, 0x0000000002172f18]
Event: 4.530 Thread 0x0000000007f46000  269             com.android.dx.ssa.SsaMethod::blockIndexToRopLabel (21 bytes)
Event: 4.531 Thread 0x0000000007f46000 nmethod 269 0x000000000217d910 code [0x000000000217da60, 0x000000000217db38]

GC Heap History (4 events):
Event: 1.910 GC heap before
{Heap before GC invocations=1 (full 0):
 PSYoungGen      total 18944K, used 16384K [0x00000000eaa80000, 0x00000000ebf80000, 0x0000000100000000)
  eden space 16384K, 100% used [0x00000000eaa80000,0x00000000eba80000,0x00000000eba80000)
  from space 2560K, 0% used [0x00000000ebd00000,0x00000000ebd00000,0x00000000ebf80000)
  to   space 2560K, 0% used [0x00000000eba80000,0x00000000eba80000,0x00000000ebd00000)
 ParOldGen       total 41984K, used 0K [0x00000000c0000000, 0x00000000c2900000, 0x00000000eaa80000)
  object space 41984K, 0% used [0x00000000c0000000,0x00000000c0000000,0x00000000c2900000)
 PSPermGen       total 21504K, used 5245K [0x00000000bae00000, 0x00000000bc300000, 0x00000000c0000000)
  object space 21504K, 24% used [0x00000000bae00000,0x00000000bb31f500,0x00000000bc300000)
Event: 1.968 GC heap after
Heap after GC invocations=1 (full 0):
 PSYoungGen      total 18944K, used 2538K [0x00000000eaa80000, 0x00000000ecf80000, 0x0000000100000000)
  eden space 16384K, 0% used [0x00000000eaa80000,0x00000000eaa80000,0x00000000eba80000)
  from space 2560K, 99% used [0x00000000eba80000,0x00000000ebcfaaa8,0x00000000ebd00000)
  to   space 2560K, 0% used [0x00000000ecd00000,0x00000000ecd00000,0x00000000ecf80000)
 ParOldGen       total 41984K, used 1755K [0x00000000c0000000, 0x00000000c2900000, 0x00000000eaa80000)
  object space 41984K, 4% used [0x00000000c0000000,0x00000000c01b6d68,0x00000000c2900000)
 PSPermGen       total 21504K, used 5245K [0x00000000bae00000, 0x00000000bc300000, 0x00000000c0000000)
  object space 21504K, 24% used [0x00000000bae00000,0x00000000bb31f500,0x00000000bc300000)
}
Event: 4.262 GC heap before
{Heap before GC invocations=2 (full 0):
 PSYoungGen      total 18944K, used 18922K [0x00000000eaa80000, 0x00000000ecf80000, 0x0000000100000000)
  eden space 16384K, 100% used [0x00000000eaa80000,0x00000000eba80000,0x00000000eba80000)
  from space 2560K, 99% used [0x00000000eba80000,0x00000000ebcfaaa8,0x00000000ebd00000)
  to   space 2560K, 0% used [0x00000000ecd00000,0x00000000ecd00000,0x00000000ecf80000)
 ParOldGen       total 41984K, used 1755K [0x00000000c0000000, 0x00000000c2900000, 0x00000000eaa80000)
  object space 41984K, 4% used [0x00000000c0000000,0x00000000c01b6d68,0x00000000c2900000)
 PSPermGen       total 21504K, used 5447K [0x00000000bae00000, 0x00000000bc300000, 0x00000000c0000000)
  object space 21504K, 25% used [0x00000000bae00000,0x00000000bb351e58,0x00000000bc300000)
Event: 4.340 GC heap after
Heap after GC invocations=2 (full 0):
 PSYoungGen      total 35328K, used 2548K [0x00000000eaa80000, 0x00000000ecf80000, 0x0000000100000000)
  eden space 32768K, 0% used [0x00000000eaa80000,0x00000000eaa80000,0x00000000eca80000)
  from space 2560K, 99% used [0x00000000ecd00000,0x00000000ecf7d290,0x00000000ecf80000)
  to   space 2560K, 0% used [0x00000000eca80000,0x00000000eca80000,0x00000000ecd00000)
 ParOldGen       total 41984K, used 3806K [0x00000000c0000000, 0x00000000c2900000, 0x00000000eaa80000)
  object space 41984K, 9% used [0x00000000c0000000,0x00000000c03b7928,0x00000000c2900000)
 PSPermGen       total 21504K, used 5447K [0x00000000bae00000, 0x00000000bc300000, 0x00000000c0000000)
  object space 21504K, 25% used [0x00000000bae00000,0x00000000bb351e58,0x00000000bc300000)
}

Deoptimization events (10 events):
Event: 3.423 Thread 0x0000000001f80800 Uncommon trap: reason=class_check action=maybe_recompile pc=0x0000000002151400 method=java.util.Collections$UnmodifiableCollection$1.next()Ljava/lang/Object; @ 4
Event: 3.423 Thread 0x0000000001f80800 Uncommon trap: reason=class_check action=maybe_recompile pc=0x0000000002151400 method=java.util.Collections$UnmodifiableCollection$1.next()Ljava/lang/Object; @ 4
Event: 3.815 Thread 0x0000000001f80800 Uncommon trap: reason=class_check action=maybe_recompile pc=0x000000000212c890 method=com.android.dx.rop.type.Type.equals(Ljava/lang/Object;)Z @ 8
Event: 3.993 Thread 0x0000000001f80800 Uncommon trap: reason=null_check action=make_not_entrant pc=0x000000000212c8a0 method=com.android.dx.rop.type.Type.equals(Ljava/lang/Object;)Z @ 8
Event: 3.995 Thread 0x0000000001f80800 Uncommon trap: reason=unreached action=reinterpret pc=0x0000000002134694 method=com.android.dx.ssa.LocalVariableExtractor.processBlock(I)V @ 251
Event: 4.344 Thread 0x0000000001f80800 Uncommon trap: reason=uninitialized action=reinterpret pc=0x00000000021822a0 method=com.android.dx.cf.code.ByteCatchList.toRopCatchList()Lcom/android/dx/rop/type/TypeList; @ 36
Event: 4.344 Thread 0x0000000001f80800 Uncommon trap: reason=class_check action=maybe_recompile pc=0x000000000210a4dc method=com.android.dx.rop.type.Type.equals(Ljava/lang/Object;)Z @ 8
Event: 4.346 Thread 0x0000000001f80800 Uncommon trap: reason=class_check action=maybe_recompile pc=0x000000000210a4dc method=com.android.dx.rop.type.Type.equals(Ljava/lang/Object;)Z @ 8
Event: 4.346 Thread 0x0000000001f80800 Uncommon trap: reason=class_check action=maybe_recompile pc=0x000000000210a4dc method=com.android.dx.rop.type.Type.equals(Ljava/lang/Object;)Z @ 8
Event: 4.350 Thread 0x0000000001f80800 Uncommon trap: reason=unreached action=reinterpret pc=0x0000000002179f38 method=com.android.dx.util.LabeledList.set(ILcom/android/dx/util/LabeledItem;)V @ 16

Internal exceptions (2 events):
Event: 0.045 Thread 0x0000000001f80800 Threw 0x00000000eaa907c8 at C:\re\jdk7u51\527\hotspot\src\share\vm\prims\jni.cpp:3991
Event: 3.993 Thread 0x0000000001f80800 Implicit null exception at 0x000000000212c792 to 0x000000000212c891

Events (10 events):
Event: 4.346 Thread 0x0000000001f80800 DEOPT PACKING pc=0x000000000210a4dc sp=0x0000000001f7ed10
Event: 4.346 Thread 0x0000000001f80800 DEOPT UNPACKING pc=0x00000000020b9064 sp=0x0000000001f7ec68 mode 2
Event: 4.346 Thread 0x0000000001f80800 Uncommon trap: trap_request=0xffffffde fr.pc=0x000000000210a4dc
Event: 4.346 Thread 0x0000000001f80800 DEOPT PACKING pc=0x000000000210a4dc sp=0x0000000001f7ed10
Event: 4.346 Thread 0x0000000001f80800 DEOPT UNPACKING pc=0x00000000020b9064 sp=0x0000000001f7ec68 mode 2
Event: 4.350 Thread 0x0000000001f80800 Uncommon trap: trap_request=0xffffffad fr.pc=0x0000000002179f38
Event: 4.350 Thread 0x0000000001f80800 DEOPT PACKING pc=0x0000000002179f38 sp=0x0000000001f7ec60
Event: 4.350 Thread 0x0000000001f80800 DEOPT UNPACKING pc=0x00000000020b9064 sp=0x0000000001f7ec20 mode 2
Event: 4.356 loading class 0x000000000993e300
Event: 4.356 loading class 0x000000000993e300 done


Dynamic libraries:
0x00007ff60f3c0000 - 0x00007ff60f3f3000 	C:\PROGRA~1\Java\JDK17~1.0_5\bin\java.exe
0x00007ff878b30000 - 0x00007ff878cd9000 	C:\Windows\SYSTEM32\ntdll.dll
0x00007ff8789f0000 - 0x00007ff878b2a000 	C:\Windows\system32\KERNEL32.DLL
0x00007ff876260000 - 0x00007ff87636f000 	C:\Windows\system32\KERNELBASE.dll
0x00007ff874a10000 - 0x00007ff874a9b000 	C:\Windows\system32\apphelp.dll
0x00007ff864690000 - 0x00007ff8646df000 	C:\Windows\AppPatch\AppPatch64\AcGenral.DLL
0x00007ff8769d0000 - 0x00007ff876a77000 	C:\Windows\system32\msvcrt.dll
0x00007ff875cf0000 - 0x00007ff875d1b000 	C:\Windows\SYSTEM32\SspiCli.dll
0x00007ff876cd0000 - 0x00007ff876d21000 	C:\Windows\system32\SHLWAPI.dll
0x00007ff876b30000 - 0x00007ff876ca1000 	C:\Windows\system32\USER32.dll
0x00007ff876d70000 - 0x00007ff876ee5000 	C:\Windows\system32\ole32.dll
0x00007ff877440000 - 0x00007ff87884e000 	C:\Windows\system32\SHELL32.dll
0x00007ff8754c0000 - 0x00007ff8754df000 	C:\Windows\SYSTEM32\USERENV.dll
0x00007ff876530000 - 0x00007ff8765d5000 	C:\Windows\system32\ADVAPI32.dll
0x00007ff86be20000 - 0x00007ff86be3b000 	C:\Windows\SYSTEM32\MPR.dll
0x00007ff877050000 - 0x00007ff877186000 	C:\Windows\system32\RPCRT4.dll
0x00007ff8765e0000 - 0x00007ff876637000 	C:\Windows\SYSTEM32\sechost.dll
0x00007ff877260000 - 0x00007ff877437000 	C:\Windows\SYSTEM32\combase.dll
0x00007ff876f00000 - 0x00007ff877045000 	C:\Windows\system32\GDI32.dll
0x00007ff875eb0000 - 0x00007ff875ec4000 	C:\Windows\SYSTEM32\profapi.dll
0x00007ff874aa0000 - 0x00007ff874b41000 	C:\Windows\SYSTEM32\SHCORE.dll
0x00007ff876d30000 - 0x00007ff876d64000 	C:\Windows\system32\IMM32.DLL
0x00007ff876890000 - 0x00007ff8769c8000 	C:\Windows\system32\MSCTF.dll
0x00007ff873ba0000 - 0x00007ff873dfa000 	C:\Windows\WinSxS\amd64_microsoft.windows.common-controls_6595b64144ccf1df_6.0.9600.16384_none_62475f7becb72503\COMCTL32.dll
0x000000005a890000 - 0x000000005a962000 	C:\PROGRA~1\Java\JDK17~1.0_5\jre\bin\msvcr100.dll
0x000000005ad20000 - 0x000000005b4e9000 	C:\PROGRA~1\Java\JDK17~1.0_5\jre\bin\server\jvm.dll
0x00007ff871490000 - 0x00007ff871499000 	C:\Windows\SYSTEM32\WSOCK32.dll
0x00007ff873790000 - 0x00007ff8737af000 	C:\Windows\SYSTEM32\WINMM.dll
0x00007ff8766a0000 - 0x00007ff8766a7000 	C:\Windows\system32\PSAPI.DLL
0x00007ff8764d0000 - 0x00007ff876528000 	C:\Windows\system32\WS2_32.dll
0x00007ff873750000 - 0x00007ff87377a000 	C:\Windows\SYSTEM32\WINMMBASE.dll
0x00007ff876ef0000 - 0x00007ff876ef9000 	C:\Windows\system32\NSI.dll
0x00007ff876370000 - 0x00007ff8763ba000 	C:\Windows\SYSTEM32\cfgmgr32.dll
0x00007ff874d30000 - 0x00007ff874d56000 	C:\Windows\SYSTEM32\DEVOBJ.dll
0x000000005ad10000 - 0x000000005ad1f000 	C:\PROGRA~1\Java\JDK17~1.0_5\jre\bin\verify.dll
0x000000005ace0000 - 0x000000005ad08000 	C:\PROGRA~1\Java\JDK17~1.0_5\jre\bin\java.dll
0x000000005acc0000 - 0x000000005acd5000 	C:\PROGRA~1\Java\JDK17~1.0_5\jre\bin\zip.dll
0x000000005aca0000 - 0x000000005acb9000 	C:\Program Files\Java\jdk1.7.0_51\jre\bin\net.dll
0x00007ff875770000 - 0x00007ff8757c8000 	C:\Windows\system32\mswsock.dll
0x000000005ac80000 - 0x000000005ac91000 	C:\Program Files\Java\jdk1.7.0_51\jre\bin\nio.dll

VM Arguments:
jvm_args: -Xmx1024M -Xss1m -Djava.ext.dirs=C:\Users\reyhane\AppData\Local\Android\sdk\build-tools\21.1.2\lib 
java_command: C:\Users\reyhane\AppData\Local\Android\sdk\build-tools\21.1.2\lib\dx.jar --dex --output C:\Users\reyhane\AndroidStudioProjects\MyFirst\app\build\intermediates\pre-dexed\debug\classes-fc114287867b2d36cadb50e5438b9bfdae407f28.jar C:\Users\reyhane\AndroidStudioProjects\MyFirst\app\build\intermediates\exploded-aar\com.android.support\support-v4\21.0.3\classes.jar
Launcher Type: SUN_STANDARD

Environment Variables:
JAVA_HOME=C:\Program Files\Java\jdk1.7.0_51
PATH=C:\Windows\system32;C:\Windows;C:\Windows\System32\Wbem;C:\Windows\System32\WindowsPowerShell\v1.0\;C:\Program Files\Java\jdk1.7.0_51\bin
USERNAME=reyhane
OS=Windows_NT
PROCESSOR_IDENTIFIER=Intel64 Family 6 Model 37 Stepping 2, GenuineIntel



---------------  S Y S T E M  ---------------

OS: Windows 8 , 64 bit Build 9200 

CPU:total 4 (2 cores per cpu, 2 threads per core) family 6 model 37 stepping 2, cmov, cx8, fxsr, mmx, sse, sse2, sse3, ssse3, sse4.1, sse4.2, popcnt, aes, ht, tsc, tscinvbit

Memory: 4k page, physical 4053900k(970664k free), swap 4658300k(5392k free)

vm_info: Java HotSpot(TM) 64-Bit Server VM (24.51-b03) for windows-amd64 JRE (1.7.0_51-b13), built on Dec 18 2013 18:40:56 by "java_re" with unknown MS VC++:1600

time: Sun Feb 08 17:36:19 2015
elapsed time: 4 seconds

