#
# There is insufficient memory for the Java Runtime Environment to continue.
# Native memory allocation (malloc) failed to allocate 1048576 bytes for AllocateHeap
# Possible reasons:
#   The system is out of physical RAM or swap space
#   In 32 bit mode, the process size limit was hit
# Possible solutions:
#   Reduce memory load on the system
#   Increase physical memory or swap space
#   Check if swap backing store is full
#   Use 64 bit Java on a 64 bit OS
#   Decrease Java heap size (-Xmx/-Xms)
#   Decrease number of Java threads
#   Decrease Java thread stack sizes (-Xss)
#   Set larger code cache with -XX:ReservedCodeCacheSize=
# This output file may be truncated or incomplete.
#
#  Out of Memory Error (memory/allocation.inline.hpp:61), pid=2716, tid=6180
#
# JRE version:  (7.0_51-b13) (build )
# Java VM: Java HotSpot(TM) 64-Bit Server VM (24.51-b03 mixed mode windows-amd64 compressed oops)
# Failed to write core dump. Minidumps are not enabled by default on client versions of Windows
#

---------------  T H R E A D  ---------------

Current thread (0x00000000024f0800):  JavaThread "Unknown thread" [_thread_in_vm, id=6180, stack(0x0000000002390000,0x0000000002490000)]

Stack: [0x0000000002390000,0x0000000002490000]

---------------  P R O C E S S  ---------------

Java Threads: ( => current thread )

Other Threads:

=>0x00000000024f0800 (exited) JavaThread "Unknown thread" [_thread_in_vm, id=6180, stack(0x0000000002390000,0x0000000002490000)]

VM state:not at safepoint (normal execution)

VM Mutex/Monitor currently owned by a thread: None

Heap
 PSYoungGen      total 18944K, used 327K [0x00000000eb600000, 0x00000000ecb00000, 0x0000000100000000)
  eden space 16384K, 2% used [0x00000000eb600000,0x00000000eb651f28,0x00000000ec600000)
  from space 2560K, 0% used [0x00000000ec880000,0x00000000ec880000,0x00000000ecb00000)
  to   space 2560K, 0% used [0x00000000ec600000,0x00000000ec600000,0x00000000ec880000)
 ParOldGen       total 41984K, used 0K [0x00000000c2200000, 0x00000000c4b00000, 0x00000000eb600000)
  object space 41984K, 0% used [0x00000000c2200000,0x00000000c2200000,0x00000000c4b00000)
 PSPermGen       total 21504K, used 673K [0x00000000bd000000, 0x00000000be500000, 0x00000000c2200000)
  object space 21504K, 3% used [0x00000000bd000000,0x00000000bd0a8570,0x00000000be500000)

Card table byte_map: [0x00000000056b0000,0x00000000058d0000] byte_map_base: 0x00000000050c8000

Polling page: 0x0000000000b70000

Code Cache  [0x00000000025f0000, 0x0000000002860000, 0x00000000055f0000)
 total_blobs=37 nmethods=0 adapters=20 free_code_cache=48890Kb largest_free_block=50063104

Compilation events (0 events):
No events

GC Heap History (0 events):
No events

Deoptimization events (0 events):
No events

Internal exceptions (0 events):
No events

Events (10 events):
Event: 0.042 loading class 0x0000000002535790
Event: 0.042 loading class 0x0000000002535790 done
Event: 0.042 loading class 0x00000000025357e0
Event: 0.042 loading class 0x00000000025357e0 done
Event: 0.042 loading class 0x0000000002535830
Event: 0.043 loading class 0x0000000002535830 done
Event: 0.044 loading class 0x0000000002536590
Event: 0.044 loading class 0x0000000002536590 done
Event: 0.044 loading class 0x00000000025361b0
Event: 0.044 loading class 0x00000000025361b0 done


Dynamic libraries:
0x00007ff60f3c0000 - 0x00007ff60f3f3000 	C:\Program Files\Java\jdk1.7.0_51\bin\java.exe
0x00007ff878b30000 - 0x00007ff878cd9000 	C:\Windows\SYSTEM32\ntdll.dll
0x00007ff8789f0000 - 0x00007ff878b2a000 	C:\Windows\system32\KERNEL32.DLL
0x00007ff876260000 - 0x00007ff87636f000 	C:\Windows\system32\KERNELBASE.dll
0x00007ff874a10000 - 0x00007ff874a9b000 	C:\Windows\system32\apphelp.dll
0x00007ff864690000 - 0x00007ff8646df000 	C:\Windows\AppPatch\AppPatch64\AcGenral.DLL
0x00007ff8769d0000 - 0x00007ff876a77000 	C:\Windows\system32\msvcrt.dll
0x00007ff875cf0000 - 0x00007ff875d1b000 	C:\Windows\SYSTEM32\SspiCli.dll
0x00007ff876cd0000 - 0x00007ff876d21000 	C:\Windows\system32\SHLWAPI.dll
0x00007ff876b30000 - 0x00007ff876ca1000 	C:\Windows\system32\USER32.dll
0x00007ff876d70000 - 0x00007ff876ee5000 	C:\Windows\system32\ole32.dll
0x00007ff877440000 - 0x00007ff87884e000 	C:\Windows\system32\SHELL32.dll
0x00007ff8754c0000 - 0x00007ff8754df000 	C:\Windows\SYSTEM32\USERENV.dll
0x00007ff876530000 - 0x00007ff8765d5000 	C:\Windows\system32\ADVAPI32.dll
0x00007ff86be20000 - 0x00007ff86be3b000 	C:\Windows\SYSTEM32\MPR.dll
0x00007ff877050000 - 0x00007ff877186000 	C:\Windows\system32\RPCRT4.dll
0x00007ff8765e0000 - 0x00007ff876637000 	C:\Windows\SYSTEM32\sechost.dll
0x00007ff877260000 - 0x00007ff877437000 	C:\Windows\SYSTEM32\combase.dll
0x00007ff876f00000 - 0x00007ff877045000 	C:\Windows\system32\GDI32.dll
0x00007ff875eb0000 - 0x00007ff875ec4000 	C:\Windows\SYSTEM32\profapi.dll
0x00007ff874aa0000 - 0x00007ff874b41000 	C:\Windows\SYSTEM32\SHCORE.dll
0x00007ff876d30000 - 0x00007ff876d64000 	C:\Windows\system32\IMM32.DLL
0x00007ff876890000 - 0x00007ff8769c8000 	C:\Windows\system32\MSCTF.dll
0x00007ff873ba0000 - 0x00007ff873dfa000 	C:\Windows\WinSxS\amd64_microsoft.windows.common-controls_6595b64144ccf1df_6.0.9600.16384_none_62475f7becb72503\COMCTL32.dll
0x000000005a890000 - 0x000000005a962000 	C:\Program Files\Java\jdk1.7.0_51\jre\bin\msvcr100.dll
0x000000005ad20000 - 0x000000005b4e9000 	C:\Program Files\Java\jdk1.7.0_51\jre\bin\server\jvm.dll
0x00007ff871490000 - 0x00007ff871499000 	C:\Windows\SYSTEM32\WSOCK32.dll
0x00007ff873790000 - 0x00007ff8737af000 	C:\Windows\SYSTEM32\WINMM.dll
0x00007ff8766a0000 - 0x00007ff8766a7000 	C:\Windows\system32\PSAPI.DLL
0x00007ff8764d0000 - 0x00007ff876528000 	C:\Windows\system32\WS2_32.dll
0x00007ff873750000 - 0x00007ff87377a000 	C:\Windows\SYSTEM32\WINMMBASE.dll
0x00007ff876ef0000 - 0x00007ff876ef9000 	C:\Windows\system32\NSI.dll
0x00007ff876370000 - 0x00007ff8763ba000 	C:\Windows\SYSTEM32\cfgmgr32.dll
0x00007ff874d30000 - 0x00007ff874d56000 	C:\Windows\SYSTEM32\DEVOBJ.dll
0x000000005ad10000 - 0x000000005ad1f000 	C:\Program Files\Java\jdk1.7.0_51\jre\bin\verify.dll
0x000000005ace0000 - 0x000000005ad08000 	C:\Program Files\Java\jdk1.7.0_51\jre\bin\java.dll
0x000000005acc0000 - 0x000000005acd5000 	C:\Program Files\Java\jdk1.7.0_51\jre\bin\zip.dll

VM Arguments:
java_command: <unknown>
Launcher Type: SUN_STANDARD

Environment Variables:
JAVA_HOME=C:\Program Files\Java\jdk1.7.0_51
PATH=C:\Windows\system32;C:\Windows;C:\Windows\System32\Wbem;C:\Windows\System32\WindowsPowerShell\v1.0\;C:\Program Files\Java\jdk1.7.0_51\bin
USERNAME=reyhane
OS=Windows_NT
PROCESSOR_IDENTIFIER=Intel64 Family 6 Model 37 Stepping 2, GenuineIntel



---------------  S Y S T E M  ---------------

OS: Windows 8 , 64 bit Build 9200 

CPU:total 4 (2 cores per cpu, 2 threads per core) family 6 model 37 stepping 2, cmov, cx8, fxsr, mmx, sse, sse2, sse3, ssse3, sse4.1, sse4.2, popcnt, aes, ht, tsc, tscinvbit

Memory: 4k page, physical 4053900k(1092268k free), swap 4658300k(5524k free)

vm_info: Java HotSpot(TM) 64-Bit Server VM (24.51-b03) for windows-amd64 JRE (1.7.0_51-b13), built on Dec 18 2013 18:40:56 by "java_re" with unknown MS VC++:1600

time: Sun Feb 08 17:33:11 2015
elapsed time: 0 seconds

