#
# There is insufficient memory for the Java Runtime Environment to continue.
# Native memory allocation (malloc) failed to allocate 627056 bytes for Chunk::new
# Possible reasons:
#   The system is out of physical RAM or swap space
#   In 32 bit mode, the process size limit was hit
# Possible solutions:
#   Reduce memory load on the system
#   Increase physical memory or swap space
#   Check if swap backing store is full
#   Use 64 bit Java on a 64 bit OS
#   Decrease Java heap size (-Xmx/-Xms)
#   Decrease number of Java threads
#   Decrease Java thread stack sizes (-Xss)
#   Set larger code cache with -XX:ReservedCodeCacheSize=
# This output file may be truncated or incomplete.
#
#  Out of Memory Error (allocation.cpp:323), pid=7688, tid=8152
#
# JRE version: Java(TM) SE Runtime Environment (7.0_51-b13) (build 1.7.0_51-b13)
# Java VM: Java HotSpot(TM) 64-Bit Server VM (24.51-b03 mixed mode windows-amd64 compressed oops)
# Failed to write core dump. Minidumps are not enabled by default on client versions of Windows
#

---------------  T H R E A D  ---------------

Current thread (0x0000000008651000):  JavaThread "C2 CompilerThread0" daemon [_thread_in_native, id=8152, stack(0x0000000009c10000,0x0000000009d10000)]

Stack: [0x0000000009c10000,0x0000000009d10000]

Current CompileTask:
C2:   2903  102   !         com.android.dx.cf.code.RopperMachine::run (1550 bytes)


---------------  P R O C E S S  ---------------

Java Threads: ( => current thread )
  0x0000000008687800 JavaThread "Service Thread" daemon [_thread_blocked, id=7048, stack(0x0000000009e10000,0x0000000009f10000)]
  0x0000000008653000 JavaThread "C2 CompilerThread1" daemon [_thread_blocked, id=4000, stack(0x0000000009d10000,0x0000000009e10000)]
=>0x0000000008651000 JavaThread "C2 CompilerThread0" daemon [_thread_in_native, id=8152, stack(0x0000000009c10000,0x0000000009d10000)]
  0x0000000008650000 JavaThread "Attach Listener" daemon [_thread_blocked, id=3560, stack(0x0000000009b10000,0x0000000009c10000)]
  0x000000000867a800 JavaThread "Signal Dispatcher" daemon [_thread_blocked, id=8144, stack(0x0000000009a10000,0x0000000009b10000)]
  0x000000000863f000 JavaThread "Finalizer" daemon [_thread_blocked, id=6228, stack(0x00000000098f0000,0x00000000099f0000)]
  0x0000000008633800 JavaThread "Reference Handler" daemon [_thread_blocked, id=4420, stack(0x00000000097f0000,0x00000000098f0000)]
  0x00000000027a0800 JavaThread "main" [_thread_in_Java, id=7416, stack(0x00000000025a0000,0x00000000026a0000)]

Other Threads:
  0x0000000008630800 VMThread [stack: 0x00000000096f0000,0x00000000097f0000] [id=7616]
  0x0000000008695800 WatcherThread [stack: 0x0000000009f10000,0x000000000a010000] [id=2136]

VM state:not at safepoint (normal execution)

VM Mutex/Monitor currently owned by a thread: None

Heap
 PSYoungGen      total 18944K, used 15067K [0x00000000eaa80000, 0x00000000ebf80000, 0x0000000100000000)
  eden space 16384K, 91% used [0x00000000eaa80000,0x00000000eb936c50,0x00000000eba80000)
  from space 2560K, 0% used [0x00000000ebd00000,0x00000000ebd00000,0x00000000ebf80000)
  to   space 2560K, 0% used [0x00000000eba80000,0x00000000eba80000,0x00000000ebd00000)
 ParOldGen       total 41984K, used 0K [0x00000000c0000000, 0x00000000c2900000, 0x00000000eaa80000)
  object space 41984K, 0% used [0x00000000c0000000,0x00000000c0000000,0x00000000c2900000)
 PSPermGen       total 21504K, used 5158K [0x00000000bae00000, 0x00000000bc300000, 0x00000000c0000000)
  object space 21504K, 23% used [0x00000000bae00000,0x00000000bb309ba0,0x00000000bc300000)

Card table byte_map: [0x00000000058a0000,0x0000000005ad0000] byte_map_base: 0x00000000052c9000

Polling page: 0x0000000000c00000

Code Cache  [0x00000000028a0000, 0x0000000002b10000, 0x00000000058a0000)
 total_blobs=337 nmethods=105 adapters=185 free_code_cache=48499Kb largest_free_block=49647616

Compilation events (10 events):
Event: 2.701 Thread 0x0000000008653000 nmethod 101 0x000000000291bcd0 code [0x000000000291be20, 0x000000000291bf88]
Event: 2.702 Thread 0x0000000008651000  102   !         com.android.dx.cf.code.RopperMachine::run (1550 bytes)
Event: 2.708 Thread 0x0000000008653000  103             com.android.dx.cf.code.RopperMachine::jopToRopOpcode (1103 bytes)
Event: 2.723 Thread 0x0000000008653000 nmethod 103 0x0000000002942fd0 code [0x0000000002943960, 0x0000000002943ee0]
Event: 2.724 Thread 0x0000000008653000  104             com.android.dx.cf.code.BaseMachine::resultCount (22 bytes)
Event: 2.724 Thread 0x0000000008653000 nmethod 104 0x000000000291bad0 code [0x000000000291bc00, 0x000000000291bc58]
Event: 2.725 Thread 0x0000000008653000  105             com.android.dx.cf.code.BaseMachine::getAuxCases (5 bytes)
Event: 2.726 Thread 0x0000000008653000 nmethod 105 0x0000000002942dd0 code [0x0000000002942f00, 0x0000000002942f58]
Event: 2.726 Thread 0x0000000008653000  106             com.android.dx.cf.code.BaseMachine::getInitValues (5 bytes)
Event: 2.726 Thread 0x0000000008653000 nmethod 106 0x0000000002942bd0 code [0x0000000002942d00, 0x0000000002942d58]

GC Heap History (0 events):
No events

Deoptimization events (4 events):
Event: 0.978 Thread 0x00000000027a0800 Uncommon trap: reason=class_check action=maybe_recompile pc=0x0000000002924ca0 method=com.android.dx.cf.code.BytecodeArray.parseInstruction(ILcom/android/dx/cf/code/BytecodeArray$Visitor;)I @ 2484
Event: 0.978 Thread 0x00000000027a0800 Uncommon trap: reason=class_check action=maybe_recompile pc=0x0000000002923468 method=com.android.dx.cf.code.BytecodeArray.parseInstruction(ILcom/android/dx/cf/code/BytecodeArray$Visitor;)I @ 1597
Event: 0.978 Thread 0x00000000027a0800 Uncommon trap: reason=class_check action=maybe_recompile pc=0x0000000002924ca0 method=com.android.dx.cf.code.BytecodeArray.parseInstruction(ILcom/android/dx/cf/code/BytecodeArray$Visitor;)I @ 2484
Event: 0.978 Thread 0x00000000027a0800 Uncommon trap: reason=class_check action=maybe_recompile pc=0x0000000002924ca0 method=com.android.dx.cf.code.BytecodeArray.parseInstruction(ILcom/android/dx/cf/code/BytecodeArray$Visitor;)I @ 2484

Internal exceptions (1 events):
Event: 0.052 Thread 0x00000000027a0800 Threw 0x00000000eaa907c8 at C:\re\jdk7u51\527\hotspot\src\share\vm\prims\jni.cpp:3991

Events (10 events):
Event: 0.978 Thread 0x00000000027a0800 Uncommon trap: trap_request=0xffffffde fr.pc=0x0000000002924ca0
Event: 0.978 Thread 0x00000000027a0800 DEOPT PACKING pc=0x0000000002924ca0 sp=0x000000000269e820
Event: 0.978 Thread 0x00000000027a0800 DEOPT UNPACKING pc=0x00000000028d9064 sp=0x000000000269e798 mode 2
Event: 0.978 Thread 0x00000000027a0800 Uncommon trap: trap_request=0xffffffde fr.pc=0x0000000002924ca0
Event: 0.978 Thread 0x00000000027a0800 DEOPT PACKING pc=0x0000000002924ca0 sp=0x000000000269e820
Event: 0.978 Thread 0x00000000027a0800 DEOPT UNPACKING pc=0x00000000028d9064 sp=0x000000000269e798 mode 2
Event: 1.329 loading class 0x000000000a1cfca0
Event: 1.329 loading class 0x000000000a1cfca0 done
Event: 2.725 loading class 0x000000000a1209d0
Event: 2.725 loading class 0x000000000a1209d0 done


Dynamic libraries:
0x00007ff60f3c0000 - 0x00007ff60f3f3000 	C:\PROGRA~1\Java\JDK17~1.0_5\bin\java.exe
0x00007ff878b30000 - 0x00007ff878cd9000 	C:\Windows\SYSTEM32\ntdll.dll
0x00007ff8789f0000 - 0x00007ff878b2a000 	C:\Windows\system32\KERNEL32.DLL
0x00007ff876260000 - 0x00007ff87636f000 	C:\Windows\system32\KERNELBASE.dll
0x00007ff874a10000 - 0x00007ff874a9b000 	C:\Windows\system32\apphelp.dll
0x00007ff864690000 - 0x00007ff8646df000 	C:\Windows\AppPatch\AppPatch64\AcGenral.DLL
0x00007ff8769d0000 - 0x00007ff876a77000 	C:\Windows\system32\msvcrt.dll
0x00007ff875cf0000 - 0x00007ff875d1b000 	C:\Windows\SYSTEM32\SspiCli.dll
0x00007ff876cd0000 - 0x00007ff876d21000 	C:\Windows\system32\SHLWAPI.dll
0x00007ff876b30000 - 0x00007ff876ca1000 	C:\Windows\system32\USER32.dll
0x00007ff876d70000 - 0x00007ff876ee5000 	C:\Windows\system32\ole32.dll
0x00007ff877440000 - 0x00007ff87884e000 	C:\Windows\system32\SHELL32.dll
0x00007ff8754c0000 - 0x00007ff8754df000 	C:\Windows\SYSTEM32\USERENV.dll
0x00007ff876530000 - 0x00007ff8765d5000 	C:\Windows\system32\ADVAPI32.dll
0x00007ff86be20000 - 0x00007ff86be3b000 	C:\Windows\SYSTEM32\MPR.dll
0x00007ff877050000 - 0x00007ff877186000 	C:\Windows\system32\RPCRT4.dll
0x00007ff8765e0000 - 0x00007ff876637000 	C:\Windows\SYSTEM32\sechost.dll
0x00007ff877260000 - 0x00007ff877437000 	C:\Windows\SYSTEM32\combase.dll
0x00007ff876f00000 - 0x00007ff877045000 	C:\Windows\system32\GDI32.dll
0x00007ff875eb0000 - 0x00007ff875ec4000 	C:\Windows\SYSTEM32\profapi.dll
0x00007ff874aa0000 - 0x00007ff874b41000 	C:\Windows\SYSTEM32\SHCORE.dll
0x00007ff876d30000 - 0x00007ff876d64000 	C:\Windows\system32\IMM32.DLL
0x00007ff876890000 - 0x00007ff8769c8000 	C:\Windows\system32\MSCTF.dll
0x00007ff873ba0000 - 0x00007ff873dfa000 	C:\Windows\WinSxS\amd64_microsoft.windows.common-controls_6595b64144ccf1df_6.0.9600.16384_none_62475f7becb72503\COMCTL32.dll
0x000000005a890000 - 0x000000005a962000 	C:\PROGRA~1\Java\JDK17~1.0_5\jre\bin\msvcr100.dll
0x000000005ad20000 - 0x000000005b4e9000 	C:\PROGRA~1\Java\JDK17~1.0_5\jre\bin\server\jvm.dll
0x00007ff871490000 - 0x00007ff871499000 	C:\Windows\SYSTEM32\WSOCK32.dll
0x00007ff873790000 - 0x00007ff8737af000 	C:\Windows\SYSTEM32\WINMM.dll
0x00007ff8766a0000 - 0x00007ff8766a7000 	C:\Windows\system32\PSAPI.DLL
0x00007ff8764d0000 - 0x00007ff876528000 	C:\Windows\system32\WS2_32.dll
0x00007ff873750000 - 0x00007ff87377a000 	C:\Windows\SYSTEM32\WINMMBASE.dll
0x00007ff876ef0000 - 0x00007ff876ef9000 	C:\Windows\system32\NSI.dll
0x00007ff876370000 - 0x00007ff8763ba000 	C:\Windows\SYSTEM32\cfgmgr32.dll
0x00007ff874d30000 - 0x00007ff874d56000 	C:\Windows\SYSTEM32\DEVOBJ.dll
0x000000005ad10000 - 0x000000005ad1f000 	C:\PROGRA~1\Java\JDK17~1.0_5\jre\bin\verify.dll
0x000000005ace0000 - 0x000000005ad08000 	C:\PROGRA~1\Java\JDK17~1.0_5\jre\bin\java.dll
0x000000005acc0000 - 0x000000005acd5000 	C:\PROGRA~1\Java\JDK17~1.0_5\jre\bin\zip.dll
0x000000005aca0000 - 0x000000005acb9000 	C:\Program Files\Java\jdk1.7.0_51\jre\bin\net.dll
0x00007ff875770000 - 0x00007ff8757c8000 	C:\Windows\system32\mswsock.dll
0x000000005ac80000 - 0x000000005ac91000 	C:\Program Files\Java\jdk1.7.0_51\jre\bin\nio.dll

VM Arguments:
jvm_args: -Xmx1024M -Xss1m -Djava.ext.dirs=C:\Users\reyhane\AppData\Local\Android\sdk\build-tools\21.1.2\lib 
java_command: C:\Users\reyhane\AppData\Local\Android\sdk\build-tools\21.1.2\lib\dx.jar --dex --output C:\Users\reyhane\AndroidStudioProjects\MyFirst\app\build\intermediates\pre-dexed\debug\classes-afec8ec3afb582989fbe64397c2420c6bfd921d9.jar C:\Users\reyhane\AndroidStudioProjects\MyFirst\app\build\intermediates\exploded-aar\com.google.android.gms\play-services\6.5.87\classes.jar
Launcher Type: SUN_STANDARD

Environment Variables:
JAVA_HOME=C:\Program Files\Java\jdk1.7.0_51
PATH=C:\Windows\system32;C:\Windows;C:\Windows\System32\Wbem;C:\Windows\System32\WindowsPowerShell\v1.0\;C:\Program Files\Java\jdk1.7.0_51\bin
USERNAME=reyhane
OS=Windows_NT
PROCESSOR_IDENTIFIER=Intel64 Family 6 Model 37 Stepping 2, GenuineIntel



---------------  S Y S T E M  ---------------

OS: Windows 8 , 64 bit Build 9200 

CPU:total 4 (2 cores per cpu, 2 threads per core) family 6 model 37 stepping 2, cmov, cx8, fxsr, mmx, sse, sse2, sse3, ssse3, sse4.1, sse4.2, popcnt, aes, ht, tsc, tscinvbit

Memory: 4k page, physical 4053900k(1051340k free), swap 4658300k(8316k free)

vm_info: Java HotSpot(TM) 64-Bit Server VM (24.51-b03) for windows-amd64 JRE (1.7.0_51-b13), built on Dec 18 2013 18:40:56 by "java_re" with unknown MS VC++:1600

time: Sun Feb 08 17:35:11 2015
elapsed time: 2 seconds

